mode: set
/Users/akinross/PycharmProjects/ACIRotation/terraform-provider-aci/internal/provider/data_source_aci_annotation.go:19.57,21.2 1 1
/Users/akinross/PycharmProjects/ACIRotation/terraform-provider-aci/internal/provider/data_source_aci_annotation.go:28.132,32.2 3 1
/Users/akinross/PycharmProjects/ACIRotation/terraform-provider-aci/internal/provider/data_source_aci_annotation.go:34.126,60.2 3 1
/Users/akinross/PycharmProjects/ACIRotation/terraform-provider-aci/internal/provider/data_source_aci_annotation.go:62.135,65.29 2 1
/Users/akinross/PycharmProjects/ACIRotation/terraform-provider-aci/internal/provider/data_source_aci_annotation.go:65.29,67.3 1 1
/Users/akinross/PycharmProjects/ACIRotation/terraform-provider-aci/internal/provider/data_source_aci_annotation.go:69.2,71.9 2 1
/Users/akinross/PycharmProjects/ACIRotation/terraform-provider-aci/internal/provider/data_source_aci_annotation.go:71.9,78.3 2 0
/Users/akinross/PycharmProjects/ACIRotation/terraform-provider-aci/internal/provider/data_source_aci_annotation.go:80.2,81.65 2 1
/Users/akinross/PycharmProjects/ACIRotation/terraform-provider-aci/internal/provider/data_source_aci_annotation.go:84.120,91.33 4 1
/Users/akinross/PycharmProjects/ACIRotation/terraform-provider-aci/internal/provider/data_source_aci_annotation.go:91.33,93.3 1 0
/Users/akinross/PycharmProjects/ACIRotation/terraform-provider-aci/internal/provider/data_source_aci_annotation.go:95.2,104.22 5 1
/Users/akinross/PycharmProjects/ACIRotation/terraform-provider-aci/internal/provider/data_source_aci_annotation.go:104.22,110.3 2 1
/Users/akinross/PycharmProjects/ACIRotation/terraform-provider-aci/internal/provider/data_source_aci_annotation.go:113.2,114.60 2 1
/Users/akinross/PycharmProjects/ACIRotation/terraform-provider-aci/internal/provider/data_source_aci_external_management_network_instance_profile.go:19.53,21.2 1 1
/Users/akinross/PycharmProjects/ACIRotation/terraform-provider-aci/internal/provider/data_source_aci_external_management_network_instance_profile.go:28.128,32.2 3 1
/Users/akinross/PycharmProjects/ACIRotation/terraform-provider-aci/internal/provider/data_source_aci_external_management_network_instance_profile.go:34.122,104.2 3 1
/Users/akinross/PycharmProjects/ACIRotation/terraform-provider-aci/internal/provider/data_source_aci_external_management_network_instance_profile.go:106.131,109.29 2 1
/Users/akinross/PycharmProjects/ACIRotation/terraform-provider-aci/internal/provider/data_source_aci_external_management_network_instance_profile.go:109.29,111.3 1 1
/Users/akinross/PycharmProjects/ACIRotation/terraform-provider-aci/internal/provider/data_source_aci_external_management_network_instance_profile.go:113.2,115.9 2 1
/Users/akinross/PycharmProjects/ACIRotation/terraform-provider-aci/internal/provider/data_source_aci_external_management_network_instance_profile.go:115.9,122.3 2 0
/Users/akinross/PycharmProjects/ACIRotation/terraform-provider-aci/internal/provider/data_source_aci_external_management_network_instance_profile.go:124.2,125.99 2 1
/Users/akinross/PycharmProjects/ACIRotation/terraform-provider-aci/internal/provider/data_source_aci_external_management_network_instance_profile.go:128.116,135.33 4 1
/Users/akinross/PycharmProjects/ACIRotation/terraform-provider-aci/internal/provider/data_source_aci_external_management_network_instance_profile.go:135.33,137.3 1 0
/Users/akinross/PycharmProjects/ACIRotation/terraform-provider-aci/internal/provider/data_source_aci_external_management_network_instance_profile.go:139.2,148.22 5 1
/Users/akinross/PycharmProjects/ACIRotation/terraform-provider-aci/internal/provider/data_source_aci_external_management_network_instance_profile.go:148.22,154.3 2 1
/Users/akinross/PycharmProjects/ACIRotation/terraform-provider-aci/internal/provider/data_source_aci_external_management_network_instance_profile.go:157.2,158.94 2 1
/Users/akinross/PycharmProjects/ACIRotation/terraform-provider-aci/internal/provider/data_source_aci_external_management_network_subnet.go:19.54,21.2 1 1
/Users/akinross/PycharmProjects/ACIRotation/terraform-provider-aci/internal/provider/data_source_aci_external_management_network_subnet.go:28.129,32.2 3 1
/Users/akinross/PycharmProjects/ACIRotation/terraform-provider-aci/internal/provider/data_source_aci_external_management_network_subnet.go:34.123,88.2 3 1
/Users/akinross/PycharmProjects/ACIRotation/terraform-provider-aci/internal/provider/data_source_aci_external_management_network_subnet.go:90.132,93.29 2 1
/Users/akinross/PycharmProjects/ACIRotation/terraform-provider-aci/internal/provider/data_source_aci_external_management_network_subnet.go:93.29,95.3 1 1
/Users/akinross/PycharmProjects/ACIRotation/terraform-provider-aci/internal/provider/data_source_aci_external_management_network_subnet.go:97.2,99.9 2 1
/Users/akinross/PycharmProjects/ACIRotation/terraform-provider-aci/internal/provider/data_source_aci_external_management_network_subnet.go:99.9,106.3 2 0
/Users/akinross/PycharmProjects/ACIRotation/terraform-provider-aci/internal/provider/data_source_aci_external_management_network_subnet.go:108.2,109.89 2 1
/Users/akinross/PycharmProjects/ACIRotation/terraform-provider-aci/internal/provider/data_source_aci_external_management_network_subnet.go:112.117,119.33 4 1
/Users/akinross/PycharmProjects/ACIRotation/terraform-provider-aci/internal/provider/data_source_aci_external_management_network_subnet.go:119.33,121.3 1 0
/Users/akinross/PycharmProjects/ACIRotation/terraform-provider-aci/internal/provider/data_source_aci_external_management_network_subnet.go:123.2,132.22 5 1
/Users/akinross/PycharmProjects/ACIRotation/terraform-provider-aci/internal/provider/data_source_aci_external_management_network_subnet.go:132.22,138.3 2 1
/Users/akinross/PycharmProjects/ACIRotation/terraform-provider-aci/internal/provider/data_source_aci_external_management_network_subnet.go:141.2,142.84 2 1
/Users/akinross/PycharmProjects/ACIRotation/terraform-provider-aci/internal/provider/data_source_aci_l3out_consumer_label.go:19.56,21.2 1 1
/Users/akinross/PycharmProjects/ACIRotation/terraform-provider-aci/internal/provider/data_source_aci_l3out_consumer_label.go:28.131,32.2 3 1
/Users/akinross/PycharmProjects/ACIRotation/terraform-provider-aci/internal/provider/data_source_aci_l3out_consumer_label.go:34.125,100.2 3 1
/Users/akinross/PycharmProjects/ACIRotation/terraform-provider-aci/internal/provider/data_source_aci_l3out_consumer_label.go:102.134,105.29 2 1
/Users/akinross/PycharmProjects/ACIRotation/terraform-provider-aci/internal/provider/data_source_aci_l3out_consumer_label.go:105.29,107.3 1 1
/Users/akinross/PycharmProjects/ACIRotation/terraform-provider-aci/internal/provider/data_source_aci_l3out_consumer_label.go:109.2,111.9 2 1
/Users/akinross/PycharmProjects/ACIRotation/terraform-provider-aci/internal/provider/data_source_aci_l3out_consumer_label.go:111.9,118.3 2 0
/Users/akinross/PycharmProjects/ACIRotation/terraform-provider-aci/internal/provider/data_source_aci_l3out_consumer_label.go:120.2,121.75 2 1
/Users/akinross/PycharmProjects/ACIRotation/terraform-provider-aci/internal/provider/data_source_aci_l3out_consumer_label.go:124.119,131.33 4 1
/Users/akinross/PycharmProjects/ACIRotation/terraform-provider-aci/internal/provider/data_source_aci_l3out_consumer_label.go:131.33,133.3 1 0
/Users/akinross/PycharmProjects/ACIRotation/terraform-provider-aci/internal/provider/data_source_aci_l3out_consumer_label.go:135.2,144.22 5 1
/Users/akinross/PycharmProjects/ACIRotation/terraform-provider-aci/internal/provider/data_source_aci_l3out_consumer_label.go:144.22,150.3 2 1
/Users/akinross/PycharmProjects/ACIRotation/terraform-provider-aci/internal/provider/data_source_aci_l3out_consumer_label.go:153.2,154.70 2 1
/Users/akinross/PycharmProjects/ACIRotation/terraform-provider-aci/internal/provider/data_source_aci_l3out_redistribute_policy.go:19.66,21.2 1 1
/Users/akinross/PycharmProjects/ACIRotation/terraform-provider-aci/internal/provider/data_source_aci_l3out_redistribute_policy.go:28.141,32.2 3 1
/Users/akinross/PycharmProjects/ACIRotation/terraform-provider-aci/internal/provider/data_source_aci_l3out_redistribute_policy.go:34.135,80.2 3 1
/Users/akinross/PycharmProjects/ACIRotation/terraform-provider-aci/internal/provider/data_source_aci_l3out_redistribute_policy.go:82.144,85.29 2 1
/Users/akinross/PycharmProjects/ACIRotation/terraform-provider-aci/internal/provider/data_source_aci_l3out_redistribute_policy.go:85.29,87.3 1 1
/Users/akinross/PycharmProjects/ACIRotation/terraform-provider-aci/internal/provider/data_source_aci_l3out_redistribute_policy.go:89.2,91.9 2 1
/Users/akinross/PycharmProjects/ACIRotation/terraform-provider-aci/internal/provider/data_source_aci_l3out_redistribute_policy.go:91.9,98.3 2 0
/Users/akinross/PycharmProjects/ACIRotation/terraform-provider-aci/internal/provider/data_source_aci_l3out_redistribute_policy.go:100.2,101.80 2 1
/Users/akinross/PycharmProjects/ACIRotation/terraform-provider-aci/internal/provider/data_source_aci_l3out_redistribute_policy.go:104.129,111.33 4 1
/Users/akinross/PycharmProjects/ACIRotation/terraform-provider-aci/internal/provider/data_source_aci_l3out_redistribute_policy.go:111.33,113.3 1 0
/Users/akinross/PycharmProjects/ACIRotation/terraform-provider-aci/internal/provider/data_source_aci_l3out_redistribute_policy.go:115.2,124.22 5 1
/Users/akinross/PycharmProjects/ACIRotation/terraform-provider-aci/internal/provider/data_source_aci_l3out_redistribute_policy.go:124.22,130.3 2 1
/Users/akinross/PycharmProjects/ACIRotation/terraform-provider-aci/internal/provider/data_source_aci_l3out_redistribute_policy.go:133.2,134.75 2 1
/Users/akinross/PycharmProjects/ACIRotation/terraform-provider-aci/internal/provider/data_source_aci_out_of_band_contract.go:19.53,21.2 1 1
/Users/akinross/PycharmProjects/ACIRotation/terraform-provider-aci/internal/provider/data_source_aci_out_of_band_contract.go:28.128,32.2 3 1
/Users/akinross/PycharmProjects/ACIRotation/terraform-provider-aci/internal/provider/data_source_aci_out_of_band_contract.go:34.122,104.2 3 1
/Users/akinross/PycharmProjects/ACIRotation/terraform-provider-aci/internal/provider/data_source_aci_out_of_band_contract.go:106.131,109.29 2 1
/Users/akinross/PycharmProjects/ACIRotation/terraform-provider-aci/internal/provider/data_source_aci_out_of_band_contract.go:109.29,111.3 1 1
/Users/akinross/PycharmProjects/ACIRotation/terraform-provider-aci/internal/provider/data_source_aci_out_of_band_contract.go:113.2,115.9 2 1
/Users/akinross/PycharmProjects/ACIRotation/terraform-provider-aci/internal/provider/data_source_aci_out_of_band_contract.go:115.9,122.3 2 0
/Users/akinross/PycharmProjects/ACIRotation/terraform-provider-aci/internal/provider/data_source_aci_out_of_band_contract.go:124.2,125.75 2 1
/Users/akinross/PycharmProjects/ACIRotation/terraform-provider-aci/internal/provider/data_source_aci_out_of_band_contract.go:128.116,135.33 4 1
/Users/akinross/PycharmProjects/ACIRotation/terraform-provider-aci/internal/provider/data_source_aci_out_of_band_contract.go:135.33,137.3 1 0
/Users/akinross/PycharmProjects/ACIRotation/terraform-provider-aci/internal/provider/data_source_aci_out_of_band_contract.go:139.2,148.22 5 1
/Users/akinross/PycharmProjects/ACIRotation/terraform-provider-aci/internal/provider/data_source_aci_out_of_band_contract.go:148.22,154.3 2 1
/Users/akinross/PycharmProjects/ACIRotation/terraform-provider-aci/internal/provider/data_source_aci_out_of_band_contract.go:157.2,158.70 2 1
/Users/akinross/PycharmProjects/ACIRotation/terraform-provider-aci/internal/provider/data_source_aci_pim_route_map_entry.go:19.60,21.2 1 1
/Users/akinross/PycharmProjects/ACIRotation/terraform-provider-aci/internal/provider/data_source_aci_pim_route_map_entry.go:28.135,32.2 3 1
/Users/akinross/PycharmProjects/ACIRotation/terraform-provider-aci/internal/provider/data_source_aci_pim_route_map_entry.go:34.129,104.2 3 1
/Users/akinross/PycharmProjects/ACIRotation/terraform-provider-aci/internal/provider/data_source_aci_pim_route_map_entry.go:106.138,109.29 2 1
/Users/akinross/PycharmProjects/ACIRotation/terraform-provider-aci/internal/provider/data_source_aci_pim_route_map_entry.go:109.29,111.3 1 1
/Users/akinross/PycharmProjects/ACIRotation/terraform-provider-aci/internal/provider/data_source_aci_pim_route_map_entry.go:113.2,115.9 2 1
/Users/akinross/PycharmProjects/ACIRotation/terraform-provider-aci/internal/provider/data_source_aci_pim_route_map_entry.go:115.9,122.3 2 0
/Users/akinross/PycharmProjects/ACIRotation/terraform-provider-aci/internal/provider/data_source_aci_pim_route_map_entry.go:124.2,125.74 2 1
/Users/akinross/PycharmProjects/ACIRotation/terraform-provider-aci/internal/provider/data_source_aci_pim_route_map_entry.go:128.123,135.33 4 1
/Users/akinross/PycharmProjects/ACIRotation/terraform-provider-aci/internal/provider/data_source_aci_pim_route_map_entry.go:135.33,137.3 1 0
/Users/akinross/PycharmProjects/ACIRotation/terraform-provider-aci/internal/provider/data_source_aci_pim_route_map_entry.go:139.2,148.22 5 1
/Users/akinross/PycharmProjects/ACIRotation/terraform-provider-aci/internal/provider/data_source_aci_pim_route_map_entry.go:148.22,154.3 2 1
/Users/akinross/PycharmProjects/ACIRotation/terraform-provider-aci/internal/provider/data_source_aci_pim_route_map_entry.go:157.2,158.69 2 1
/Users/akinross/PycharmProjects/ACIRotation/terraform-provider-aci/internal/provider/data_source_aci_pim_route_map_policy.go:19.58,21.2 1 1
/Users/akinross/PycharmProjects/ACIRotation/terraform-provider-aci/internal/provider/data_source_aci_pim_route_map_policy.go:28.133,32.2 3 1
/Users/akinross/PycharmProjects/ACIRotation/terraform-provider-aci/internal/provider/data_source_aci_pim_route_map_policy.go:34.127,92.2 3 1
/Users/akinross/PycharmProjects/ACIRotation/terraform-provider-aci/internal/provider/data_source_aci_pim_route_map_policy.go:94.136,97.29 2 1
/Users/akinross/PycharmProjects/ACIRotation/terraform-provider-aci/internal/provider/data_source_aci_pim_route_map_policy.go:97.29,99.3 1 1
/Users/akinross/PycharmProjects/ACIRotation/terraform-provider-aci/internal/provider/data_source_aci_pim_route_map_policy.go:101.2,103.9 2 1
/Users/akinross/PycharmProjects/ACIRotation/terraform-provider-aci/internal/provider/data_source_aci_pim_route_map_policy.go:103.9,110.3 2 0
/Users/akinross/PycharmProjects/ACIRotation/terraform-provider-aci/internal/provider/data_source_aci_pim_route_map_policy.go:112.2,113.75 2 1
/Users/akinross/PycharmProjects/ACIRotation/terraform-provider-aci/internal/provider/data_source_aci_pim_route_map_policy.go:116.121,123.33 4 1
/Users/akinross/PycharmProjects/ACIRotation/terraform-provider-aci/internal/provider/data_source_aci_pim_route_map_policy.go:123.33,125.3 1 0
/Users/akinross/PycharmProjects/ACIRotation/terraform-provider-aci/internal/provider/data_source_aci_pim_route_map_policy.go:127.2,136.22 5 1
/Users/akinross/PycharmProjects/ACIRotation/terraform-provider-aci/internal/provider/data_source_aci_pim_route_map_policy.go:136.22,142.3 2 1
/Users/akinross/PycharmProjects/ACIRotation/terraform-provider-aci/internal/provider/data_source_aci_pim_route_map_policy.go:145.2,146.70 2 1
/Users/akinross/PycharmProjects/ACIRotation/terraform-provider-aci/internal/provider/data_source_aci_relation_to_out_of_band_contract.go:19.57,21.2 1 1
/Users/akinross/PycharmProjects/ACIRotation/terraform-provider-aci/internal/provider/data_source_aci_relation_to_out_of_band_contract.go:28.132,32.2 3 1
/Users/akinross/PycharmProjects/ACIRotation/terraform-provider-aci/internal/provider/data_source_aci_relation_to_out_of_band_contract.go:34.126,80.2 3 1
/Users/akinross/PycharmProjects/ACIRotation/terraform-provider-aci/internal/provider/data_source_aci_relation_to_out_of_band_contract.go:82.135,85.29 2 1
/Users/akinross/PycharmProjects/ACIRotation/terraform-provider-aci/internal/provider/data_source_aci_relation_to_out_of_band_contract.go:85.29,87.3 1 1
/Users/akinross/PycharmProjects/ACIRotation/terraform-provider-aci/internal/provider/data_source_aci_relation_to_out_of_band_contract.go:89.2,91.9 2 1
/Users/akinross/PycharmProjects/ACIRotation/terraform-provider-aci/internal/provider/data_source_aci_relation_to_out_of_band_contract.go:91.9,98.3 2 0
/Users/akinross/PycharmProjects/ACIRotation/terraform-provider-aci/internal/provider/data_source_aci_relation_to_out_of_band_contract.go:100.2,101.87 2 1
/Users/akinross/PycharmProjects/ACIRotation/terraform-provider-aci/internal/provider/data_source_aci_relation_to_out_of_band_contract.go:104.120,111.33 4 1
/Users/akinross/PycharmProjects/ACIRotation/terraform-provider-aci/internal/provider/data_source_aci_relation_to_out_of_band_contract.go:111.33,113.3 1 0
/Users/akinross/PycharmProjects/ACIRotation/terraform-provider-aci/internal/provider/data_source_aci_relation_to_out_of_band_contract.go:115.2,124.22 5 1
/Users/akinross/PycharmProjects/ACIRotation/terraform-provider-aci/internal/provider/data_source_aci_relation_to_out_of_band_contract.go:124.22,130.3 2 1
/Users/akinross/PycharmProjects/ACIRotation/terraform-provider-aci/internal/provider/data_source_aci_relation_to_out_of_band_contract.go:133.2,134.82 2 1
/Users/akinross/PycharmProjects/ACIRotation/terraform-provider-aci/internal/provider/data_source_aci_rest_managed.go:18.58,20.2 1 1
/Users/akinross/PycharmProjects/ACIRotation/terraform-provider-aci/internal/provider/data_source_aci_rest_managed.go:27.133,31.2 3 1
/Users/akinross/PycharmProjects/ACIRotation/terraform-provider-aci/internal/provider/data_source_aci_rest_managed.go:33.127,89.2 1 1
/Users/akinross/PycharmProjects/ACIRotation/terraform-provider-aci/internal/provider/data_source_aci_rest_managed.go:91.136,94.29 2 1
/Users/akinross/PycharmProjects/ACIRotation/terraform-provider-aci/internal/provider/data_source_aci_rest_managed.go:94.29,96.3 1 1
/Users/akinross/PycharmProjects/ACIRotation/terraform-provider-aci/internal/provider/data_source_aci_rest_managed.go:98.2,100.9 2 1
/Users/akinross/PycharmProjects/ACIRotation/terraform-provider-aci/internal/provider/data_source_aci_rest_managed.go:100.9,107.3 2 0
/Users/akinross/PycharmProjects/ACIRotation/terraform-provider-aci/internal/provider/data_source_aci_rest_managed.go:109.2,110.67 2 1
/Users/akinross/PycharmProjects/ACIRotation/terraform-provider-aci/internal/provider/data_source_aci_rest_managed.go:113.121,120.33 4 1
/Users/akinross/PycharmProjects/ACIRotation/terraform-provider-aci/internal/provider/data_source_aci_rest_managed.go:120.33,122.3 1 0
/Users/akinross/PycharmProjects/ACIRotation/terraform-provider-aci/internal/provider/data_source_aci_rest_managed.go:124.2,133.22 5 1
/Users/akinross/PycharmProjects/ACIRotation/terraform-provider-aci/internal/provider/data_source_aci_rest_managed.go:133.22,139.3 2 1
/Users/akinross/PycharmProjects/ACIRotation/terraform-provider-aci/internal/provider/data_source_aci_rest_managed.go:142.2,143.62 2 1
/Users/akinross/PycharmProjects/ACIRotation/terraform-provider-aci/internal/provider/provider.go:55.116,58.2 2 1
/Users/akinross/PycharmProjects/ACIRotation/terraform-provider-aci/internal/provider/provider.go:60.110,126.2 1 1
/Users/akinross/PycharmProjects/ACIRotation/terraform-provider-aci/internal/provider/provider.go:128.119,134.33 3 1
/Users/akinross/PycharmProjects/ACIRotation/terraform-provider-aci/internal/provider/provider.go:134.33,136.3 1 0
/Users/akinross/PycharmProjects/ACIRotation/terraform-provider-aci/internal/provider/provider.go:138.2,150.20 12 1
/Users/akinross/PycharmProjects/ACIRotation/terraform-provider-aci/internal/provider/provider.go:150.20,155.3 1 0
/Users/akinross/PycharmProjects/ACIRotation/terraform-provider-aci/internal/provider/provider.go:157.2,157.60 1 1
/Users/akinross/PycharmProjects/ACIRotation/terraform-provider-aci/internal/provider/provider.go:157.60,162.3 1 0
/Users/akinross/PycharmProjects/ACIRotation/terraform-provider-aci/internal/provider/provider.go:164.2,164.15 1 1
/Users/akinross/PycharmProjects/ACIRotation/terraform-provider-aci/internal/provider/provider.go:164.15,169.3 1 0
/Users/akinross/PycharmProjects/ACIRotation/terraform-provider-aci/internal/provider/provider.go:169.8,169.86 1 1
/Users/akinross/PycharmProjects/ACIRotation/terraform-provider-aci/internal/provider/provider.go:169.86,174.3 1 0
/Users/akinross/PycharmProjects/ACIRotation/terraform-provider-aci/internal/provider/provider.go:177.2,177.38 1 1
/Users/akinross/PycharmProjects/ACIRotation/terraform-provider-aci/internal/provider/provider.go:177.38,182.3 1 0
/Users/akinross/PycharmProjects/ACIRotation/terraform-provider-aci/internal/provider/provider.go:184.2,185.20 2 1
/Users/akinross/PycharmProjects/ACIRotation/terraform-provider-aci/internal/provider/provider.go:185.20,187.3 1 1
/Users/akinross/PycharmProjects/ACIRotation/terraform-provider-aci/internal/provider/provider.go:187.8,189.3 1 0
/Users/akinross/PycharmProjects/ACIRotation/terraform-provider-aci/internal/provider/provider.go:191.2,191.22 1 1
/Users/akinross/PycharmProjects/ACIRotation/terraform-provider-aci/internal/provider/provider.go:191.22,193.3 1 1
/Users/akinross/PycharmProjects/ACIRotation/terraform-provider-aci/internal/provider/provider.go:193.8,195.3 1 0
/Users/akinross/PycharmProjects/ACIRotation/terraform-provider-aci/internal/provider/provider.go:197.2,198.31 2 1
/Users/akinross/PycharmProjects/ACIRotation/terraform-provider-aci/internal/provider/provider.go:201.81,214.2 1 1
/Users/akinross/PycharmProjects/ACIRotation/terraform-provider-aci/internal/provider/provider.go:216.87,229.2 1 1
/Users/akinross/PycharmProjects/ACIRotation/terraform-provider-aci/internal/provider/provider.go:231.51,232.34 1 1
/Users/akinross/PycharmProjects/ACIRotation/terraform-provider-aci/internal/provider/provider.go:232.34,236.3 1 1
/Users/akinross/PycharmProjects/ACIRotation/terraform-provider-aci/internal/provider/provider.go:239.80,241.24 1 1
/Users/akinross/PycharmProjects/ACIRotation/terraform-provider-aci/internal/provider/provider.go:241.24,243.3 1 1
/Users/akinross/PycharmProjects/ACIRotation/terraform-provider-aci/internal/provider/provider.go:244.2,244.32 1 0
/Users/akinross/PycharmProjects/ACIRotation/terraform-provider-aci/internal/provider/provider.go:249.127,251.24 1 0
/Users/akinross/PycharmProjects/ACIRotation/terraform-provider-aci/internal/provider/provider.go:251.24,253.21 2 0
/Users/akinross/PycharmProjects/ACIRotation/terraform-provider-aci/internal/provider/provider.go:253.21,255.4 1 0
/Users/akinross/PycharmProjects/ACIRotation/terraform-provider-aci/internal/provider/provider.go:256.3,257.17 2 0
/Users/akinross/PycharmProjects/ACIRotation/terraform-provider-aci/internal/provider/provider.go:257.17,262.4 1 0
/Users/akinross/PycharmProjects/ACIRotation/terraform-provider-aci/internal/provider/provider.go:263.3,263.19 1 0
/Users/akinross/PycharmProjects/ACIRotation/terraform-provider-aci/internal/provider/provider.go:265.2,265.30 1 0
/Users/akinross/PycharmProjects/ACIRotation/terraform-provider-aci/internal/provider/provider.go:270.125,272.24 1 0
/Users/akinross/PycharmProjects/ACIRotation/terraform-provider-aci/internal/provider/provider.go:272.24,274.21 2 0
/Users/akinross/PycharmProjects/ACIRotation/terraform-provider-aci/internal/provider/provider.go:274.21,276.4 1 0
/Users/akinross/PycharmProjects/ACIRotation/terraform-provider-aci/internal/provider/provider.go:277.3,278.17 2 0
/Users/akinross/PycharmProjects/ACIRotation/terraform-provider-aci/internal/provider/provider.go:278.17,283.4 1 0
/Users/akinross/PycharmProjects/ACIRotation/terraform-provider-aci/internal/provider/provider.go:284.3,284.18 1 0
/Users/akinross/PycharmProjects/ACIRotation/terraform-provider-aci/internal/provider/provider.go:286.2,286.36 1 0
/Users/akinross/PycharmProjects/ACIRotation/terraform-provider-aci/internal/provider/provider.go:290.109,292.23 2 1
/Users/akinross/PycharmProjects/ACIRotation/terraform-provider-aci/internal/provider/provider.go:292.23,294.17 2 1
/Users/akinross/PycharmProjects/ACIRotation/terraform-provider-aci/internal/provider/provider.go:294.17,299.4 1 0
/Users/akinross/PycharmProjects/ACIRotation/terraform-provider-aci/internal/provider/provider.go:301.2,301.18 1 1
/Users/akinross/PycharmProjects/ACIRotation/terraform-provider-aci/internal/provider/provider.go:305.105,307.23 2 1
/Users/akinross/PycharmProjects/ACIRotation/terraform-provider-aci/internal/provider/provider.go:307.23,309.17 2 0
/Users/akinross/PycharmProjects/ACIRotation/terraform-provider-aci/internal/provider/provider.go:309.17,314.4 1 0
/Users/akinross/PycharmProjects/ACIRotation/terraform-provider-aci/internal/provider/provider.go:316.2,316.17 1 1
/Users/akinross/PycharmProjects/ACIRotation/terraform-provider-aci/internal/provider/resource_aci_annotation.go:29.51,31.2 1 1
/Users/akinross/PycharmProjects/ACIRotation/terraform-provider-aci/internal/provider/resource_aci_annotation.go:50.126,54.2 3 1
/Users/akinross/PycharmProjects/ACIRotation/terraform-provider-aci/internal/provider/resource_aci_annotation.go:56.120,96.2 3 1
/Users/akinross/PycharmProjects/ACIRotation/terraform-provider-aci/internal/provider/resource_aci_annotation.go:98.129,101.29 2 1
/Users/akinross/PycharmProjects/ACIRotation/terraform-provider-aci/internal/provider/resource_aci_annotation.go:101.29,103.3 1 1
/Users/akinross/PycharmProjects/ACIRotation/terraform-provider-aci/internal/provider/resource_aci_annotation.go:105.2,107.9 2 1
/Users/akinross/PycharmProjects/ACIRotation/terraform-provider-aci/internal/provider/resource_aci_annotation.go:107.9,114.3 2 0
/Users/akinross/PycharmProjects/ACIRotation/terraform-provider-aci/internal/provider/resource_aci_annotation.go:116.2,117.63 2 1
/Users/akinross/PycharmProjects/ACIRotation/terraform-provider-aci/internal/provider/resource_aci_annotation.go:120.120,128.33 4 1
/Users/akinross/PycharmProjects/ACIRotation/terraform-provider-aci/internal/provider/resource_aci_annotation.go:128.33,130.3 1 0
/Users/akinross/PycharmProjects/ACIRotation/terraform-provider-aci/internal/provider/resource_aci_annotation.go:132.2,138.33 4 1
/Users/akinross/PycharmProjects/ACIRotation/terraform-provider-aci/internal/provider/resource_aci_annotation.go:138.33,140.3 1 0
/Users/akinross/PycharmProjects/ACIRotation/terraform-provider-aci/internal/provider/resource_aci_annotation.go:142.2,143.33 2 1
/Users/akinross/PycharmProjects/ACIRotation/terraform-provider-aci/internal/provider/resource_aci_annotation.go:143.33,145.3 1 0
/Users/akinross/PycharmProjects/ACIRotation/terraform-provider-aci/internal/provider/resource_aci_annotation.go:147.2,151.60 3 1
/Users/akinross/PycharmProjects/ACIRotation/terraform-provider-aci/internal/provider/resource_aci_annotation.go:154.114,161.33 4 1
/Users/akinross/PycharmProjects/ACIRotation/terraform-provider-aci/internal/provider/resource_aci_annotation.go:161.33,163.3 1 0
/Users/akinross/PycharmProjects/ACIRotation/terraform-provider-aci/internal/provider/resource_aci_annotation.go:165.2,170.22 3 1
/Users/akinross/PycharmProjects/ACIRotation/terraform-provider-aci/internal/provider/resource_aci_annotation.go:170.22,173.3 2 0
/Users/akinross/PycharmProjects/ACIRotation/terraform-provider-aci/internal/provider/resource_aci_annotation.go:173.8,175.3 1 1
/Users/akinross/PycharmProjects/ACIRotation/terraform-provider-aci/internal/provider/resource_aci_annotation.go:177.2,177.58 1 1
/Users/akinross/PycharmProjects/ACIRotation/terraform-provider-aci/internal/provider/resource_aci_annotation.go:180.120,187.33 4 1
/Users/akinross/PycharmProjects/ACIRotation/terraform-provider-aci/internal/provider/resource_aci_annotation.go:187.33,189.3 1 0
/Users/akinross/PycharmProjects/ACIRotation/terraform-provider-aci/internal/provider/resource_aci_annotation.go:191.2,195.33 3 1
/Users/akinross/PycharmProjects/ACIRotation/terraform-provider-aci/internal/provider/resource_aci_annotation.go:195.33,197.3 1 0
/Users/akinross/PycharmProjects/ACIRotation/terraform-provider-aci/internal/provider/resource_aci_annotation.go:199.2,201.33 2 1
/Users/akinross/PycharmProjects/ACIRotation/terraform-provider-aci/internal/provider/resource_aci_annotation.go:201.33,203.3 1 0
/Users/akinross/PycharmProjects/ACIRotation/terraform-provider-aci/internal/provider/resource_aci_annotation.go:205.2,209.60 3 1
/Users/akinross/PycharmProjects/ACIRotation/terraform-provider-aci/internal/provider/resource_aci_annotation.go:212.120,219.33 4 1
/Users/akinross/PycharmProjects/ACIRotation/terraform-provider-aci/internal/provider/resource_aci_annotation.go:219.33,221.3 1 0
/Users/akinross/PycharmProjects/ACIRotation/terraform-provider-aci/internal/provider/resource_aci_annotation.go:223.2,225.33 3 1
/Users/akinross/PycharmProjects/ACIRotation/terraform-provider-aci/internal/provider/resource_aci_annotation.go:225.33,227.3 1 0
/Users/akinross/PycharmProjects/ACIRotation/terraform-provider-aci/internal/provider/resource_aci_annotation.go:228.2,229.33 2 1
/Users/akinross/PycharmProjects/ACIRotation/terraform-provider-aci/internal/provider/resource_aci_annotation.go:229.33,231.3 1 0
/Users/akinross/PycharmProjects/ACIRotation/terraform-provider-aci/internal/provider/resource_aci_annotation.go:232.2,232.60 1 1
/Users/akinross/PycharmProjects/ACIRotation/terraform-provider-aci/internal/provider/resource_aci_annotation.go:235.135,244.2 6 1
/Users/akinross/PycharmProjects/ACIRotation/terraform-provider-aci/internal/provider/resource_aci_annotation.go:246.136,249.22 2 1
/Users/akinross/PycharmProjects/ACIRotation/terraform-provider-aci/internal/provider/resource_aci_annotation.go:249.22,251.3 1 0
/Users/akinross/PycharmProjects/ACIRotation/terraform-provider-aci/internal/provider/resource_aci_annotation.go:252.2,252.72 1 1
/Users/akinross/PycharmProjects/ACIRotation/terraform-provider-aci/internal/provider/resource_aci_annotation.go:252.72,254.30 2 1
/Users/akinross/PycharmProjects/ACIRotation/terraform-provider-aci/internal/provider/resource_aci_annotation.go:254.30,256.58 2 1
/Users/akinross/PycharmProjects/ACIRotation/terraform-provider-aci/internal/provider/resource_aci_annotation.go:256.58,257.30 1 1
/Users/akinross/PycharmProjects/ACIRotation/terraform-provider-aci/internal/provider/resource_aci_annotation.go:257.30,260.6 2 1
/Users/akinross/PycharmProjects/ACIRotation/terraform-provider-aci/internal/provider/resource_aci_annotation.go:261.5,261.31 1 1
/Users/akinross/PycharmProjects/ACIRotation/terraform-provider-aci/internal/provider/resource_aci_annotation.go:261.31,263.6 1 1
/Users/akinross/PycharmProjects/ACIRotation/terraform-provider-aci/internal/provider/resource_aci_annotation.go:264.5,264.33 1 1
/Users/akinross/PycharmProjects/ACIRotation/terraform-provider-aci/internal/provider/resource_aci_annotation.go:264.33,266.6 1 1
/Users/akinross/PycharmProjects/ACIRotation/terraform-provider-aci/internal/provider/resource_aci_annotation.go:268.9,273.4 1 0
/Users/akinross/PycharmProjects/ACIRotation/terraform-provider-aci/internal/provider/resource_aci_annotation.go:274.8,276.3 1 1
/Users/akinross/PycharmProjects/ACIRotation/terraform-provider-aci/internal/provider/resource_aci_annotation.go:279.87,281.45 2 1
/Users/akinross/PycharmProjects/ACIRotation/terraform-provider-aci/internal/provider/resource_aci_annotation.go:281.45,285.3 3 1
/Users/akinross/PycharmProjects/ACIRotation/terraform-provider-aci/internal/provider/resource_aci_annotation.go:286.2,286.11 1 1
/Users/akinross/PycharmProjects/ACIRotation/terraform-provider-aci/internal/provider/resource_aci_annotation.go:289.97,292.36 3 1
/Users/akinross/PycharmProjects/ACIRotation/terraform-provider-aci/internal/provider/resource_aci_annotation.go:292.36,293.27 1 1
/Users/akinross/PycharmProjects/ACIRotation/terraform-provider-aci/internal/provider/resource_aci_annotation.go:293.27,295.4 1 1
/Users/akinross/PycharmProjects/ACIRotation/terraform-provider-aci/internal/provider/resource_aci_annotation.go:295.9,295.34 1 1
/Users/akinross/PycharmProjects/ACIRotation/terraform-provider-aci/internal/provider/resource_aci_annotation.go:295.34,297.4 1 1
/Users/akinross/PycharmProjects/ACIRotation/terraform-provider-aci/internal/provider/resource_aci_annotation.go:297.9,297.55 1 1
/Users/akinross/PycharmProjects/ACIRotation/terraform-provider-aci/internal/provider/resource_aci_annotation.go:297.55,299.9 2 1
/Users/akinross/PycharmProjects/ACIRotation/terraform-provider-aci/internal/provider/resource_aci_annotation.go:302.2,302.56 1 1
/Users/akinross/PycharmProjects/ACIRotation/terraform-provider-aci/internal/provider/resource_aci_annotation.go:305.80,308.2 2 1
/Users/akinross/PycharmProjects/ACIRotation/terraform-provider-aci/internal/provider/resource_aci_annotation.go:310.141,313.49 3 1
/Users/akinross/PycharmProjects/ACIRotation/terraform-provider-aci/internal/provider/resource_aci_annotation.go:313.49,315.3 1 1
/Users/akinross/PycharmProjects/ACIRotation/terraform-provider-aci/internal/provider/resource_aci_annotation.go:316.2,316.53 1 1
/Users/akinross/PycharmProjects/ACIRotation/terraform-provider-aci/internal/provider/resource_aci_annotation.go:316.53,318.3 1 1
/Users/akinross/PycharmProjects/ACIRotation/terraform-provider-aci/internal/provider/resource_aci_annotation.go:320.2,321.16 2 1
/Users/akinross/PycharmProjects/ACIRotation/terraform-provider-aci/internal/provider/resource_aci_annotation.go:321.16,327.3 2 0
/Users/akinross/PycharmProjects/ACIRotation/terraform-provider-aci/internal/provider/resource_aci_annotation.go:329.2,331.16 2 1
/Users/akinross/PycharmProjects/ACIRotation/terraform-provider-aci/internal/provider/resource_aci_annotation.go:331.16,337.3 2 0
/Users/akinross/PycharmProjects/ACIRotation/terraform-provider-aci/internal/provider/resource_aci_annotation.go:338.2,338.20 1 1
/Users/akinross/PycharmProjects/ACIRotation/terraform-provider-aci/internal/provider/resource_aci_annotation.go:341.141,345.16 3 1
/Users/akinross/PycharmProjects/ACIRotation/terraform-provider-aci/internal/provider/resource_aci_annotation.go:345.16,351.3 2 0
/Users/akinross/PycharmProjects/ACIRotation/terraform-provider-aci/internal/provider/resource_aci_annotation.go:352.2,352.20 1 1
/Users/akinross/PycharmProjects/ACIRotation/terraform-provider-aci/internal/provider/resource_aci_annotation.go:355.170,358.16 2 1
/Users/akinross/PycharmProjects/ACIRotation/terraform-provider-aci/internal/provider/resource_aci_annotation.go:358.16,364.3 2 0
/Users/akinross/PycharmProjects/ACIRotation/terraform-provider-aci/internal/provider/resource_aci_annotation.go:366.2,368.59 2 1
/Users/akinross/PycharmProjects/ACIRotation/terraform-provider-aci/internal/provider/resource_aci_annotation.go:368.59,374.3 2 0
/Users/akinross/PycharmProjects/ACIRotation/terraform-provider-aci/internal/provider/resource_aci_annotation.go:374.8,374.23 1 1
/Users/akinross/PycharmProjects/ACIRotation/terraform-provider-aci/internal/provider/resource_aci_annotation.go:374.23,380.3 2 0
/Users/akinross/PycharmProjects/ACIRotation/terraform-provider-aci/internal/provider/resource_aci_annotation.go:382.2,382.13 1 1
/Users/akinross/PycharmProjects/ACIRotation/terraform-provider-aci/internal/provider/resource_aci_external_management_network_instance_profile.go:33.47,35.2 1 1
/Users/akinross/PycharmProjects/ACIRotation/terraform-provider-aci/internal/provider/resource_aci_external_management_network_instance_profile.go:71.122,75.2 3 1
/Users/akinross/PycharmProjects/ACIRotation/terraform-provider-aci/internal/provider/resource_aci_external_management_network_instance_profile.go:77.116,202.2 3 1
/Users/akinross/PycharmProjects/ACIRotation/terraform-provider-aci/internal/provider/resource_aci_external_management_network_instance_profile.go:204.125,207.29 2 1
/Users/akinross/PycharmProjects/ACIRotation/terraform-provider-aci/internal/provider/resource_aci_external_management_network_instance_profile.go:207.29,209.3 1 1
/Users/akinross/PycharmProjects/ACIRotation/terraform-provider-aci/internal/provider/resource_aci_external_management_network_instance_profile.go:211.2,213.9 2 1
/Users/akinross/PycharmProjects/ACIRotation/terraform-provider-aci/internal/provider/resource_aci_external_management_network_instance_profile.go:213.9,220.3 2 0
/Users/akinross/PycharmProjects/ACIRotation/terraform-provider-aci/internal/provider/resource_aci_external_management_network_instance_profile.go:222.2,223.97 2 1
/Users/akinross/PycharmProjects/ACIRotation/terraform-provider-aci/internal/provider/resource_aci_external_management_network_instance_profile.go:226.116,239.33 8 1
/Users/akinross/PycharmProjects/ACIRotation/terraform-provider-aci/internal/provider/resource_aci_external_management_network_instance_profile.go:239.33,241.3 1 0
/Users/akinross/PycharmProjects/ACIRotation/terraform-provider-aci/internal/provider/resource_aci_external_management_network_instance_profile.go:243.2,255.33 10 1
/Users/akinross/PycharmProjects/ACIRotation/terraform-provider-aci/internal/provider/resource_aci_external_management_network_instance_profile.go:255.33,257.3 1 0
/Users/akinross/PycharmProjects/ACIRotation/terraform-provider-aci/internal/provider/resource_aci_external_management_network_instance_profile.go:259.2,260.33 2 1
/Users/akinross/PycharmProjects/ACIRotation/terraform-provider-aci/internal/provider/resource_aci_external_management_network_instance_profile.go:260.33,262.3 1 0
/Users/akinross/PycharmProjects/ACIRotation/terraform-provider-aci/internal/provider/resource_aci_external_management_network_instance_profile.go:264.2,268.94 3 1
/Users/akinross/PycharmProjects/ACIRotation/terraform-provider-aci/internal/provider/resource_aci_external_management_network_instance_profile.go:271.110,278.33 4 1
/Users/akinross/PycharmProjects/ACIRotation/terraform-provider-aci/internal/provider/resource_aci_external_management_network_instance_profile.go:278.33,280.3 1 0
/Users/akinross/PycharmProjects/ACIRotation/terraform-provider-aci/internal/provider/resource_aci_external_management_network_instance_profile.go:282.2,287.22 3 1
/Users/akinross/PycharmProjects/ACIRotation/terraform-provider-aci/internal/provider/resource_aci_external_management_network_instance_profile.go:287.22,290.3 2 0
/Users/akinross/PycharmProjects/ACIRotation/terraform-provider-aci/internal/provider/resource_aci_external_management_network_instance_profile.go:290.8,292.3 1 1
/Users/akinross/PycharmProjects/ACIRotation/terraform-provider-aci/internal/provider/resource_aci_external_management_network_instance_profile.go:294.2,294.92 1 1
/Users/akinross/PycharmProjects/ACIRotation/terraform-provider-aci/internal/provider/resource_aci_external_management_network_instance_profile.go:297.116,306.33 6 1
/Users/akinross/PycharmProjects/ACIRotation/terraform-provider-aci/internal/provider/resource_aci_external_management_network_instance_profile.go:306.33,308.3 1 0
/Users/akinross/PycharmProjects/ACIRotation/terraform-provider-aci/internal/provider/resource_aci_external_management_network_instance_profile.go:310.2,320.33 9 1
/Users/akinross/PycharmProjects/ACIRotation/terraform-provider-aci/internal/provider/resource_aci_external_management_network_instance_profile.go:320.33,322.3 1 0
/Users/akinross/PycharmProjects/ACIRotation/terraform-provider-aci/internal/provider/resource_aci_external_management_network_instance_profile.go:324.2,326.33 2 1
/Users/akinross/PycharmProjects/ACIRotation/terraform-provider-aci/internal/provider/resource_aci_external_management_network_instance_profile.go:326.33,328.3 1 0
/Users/akinross/PycharmProjects/ACIRotation/terraform-provider-aci/internal/provider/resource_aci_external_management_network_instance_profile.go:330.2,334.94 3 1
/Users/akinross/PycharmProjects/ACIRotation/terraform-provider-aci/internal/provider/resource_aci_external_management_network_instance_profile.go:337.116,344.33 4 1
/Users/akinross/PycharmProjects/ACIRotation/terraform-provider-aci/internal/provider/resource_aci_external_management_network_instance_profile.go:344.33,346.3 1 0
/Users/akinross/PycharmProjects/ACIRotation/terraform-provider-aci/internal/provider/resource_aci_external_management_network_instance_profile.go:348.2,350.33 3 1
/Users/akinross/PycharmProjects/ACIRotation/terraform-provider-aci/internal/provider/resource_aci_external_management_network_instance_profile.go:350.33,352.3 1 0
/Users/akinross/PycharmProjects/ACIRotation/terraform-provider-aci/internal/provider/resource_aci_external_management_network_instance_profile.go:353.2,354.33 2 1
/Users/akinross/PycharmProjects/ACIRotation/terraform-provider-aci/internal/provider/resource_aci_external_management_network_instance_profile.go:354.33,356.3 1 0
/Users/akinross/PycharmProjects/ACIRotation/terraform-provider-aci/internal/provider/resource_aci_external_management_network_instance_profile.go:357.2,357.94 1 1
/Users/akinross/PycharmProjects/ACIRotation/terraform-provider-aci/internal/provider/resource_aci_external_management_network_instance_profile.go:360.131,369.2 6 1
/Users/akinross/PycharmProjects/ACIRotation/terraform-provider-aci/internal/provider/resource_aci_external_management_network_instance_profile.go:371.128,374.22 2 1
/Users/akinross/PycharmProjects/ACIRotation/terraform-provider-aci/internal/provider/resource_aci_external_management_network_instance_profile.go:374.22,376.3 1 0
/Users/akinross/PycharmProjects/ACIRotation/terraform-provider-aci/internal/provider/resource_aci_external_management_network_instance_profile.go:377.2,377.68 1 1
/Users/akinross/PycharmProjects/ACIRotation/terraform-provider-aci/internal/provider/resource_aci_external_management_network_instance_profile.go:377.68,379.30 2 1
/Users/akinross/PycharmProjects/ACIRotation/terraform-provider-aci/internal/provider/resource_aci_external_management_network_instance_profile.go:379.30,381.58 2 1
/Users/akinross/PycharmProjects/ACIRotation/terraform-provider-aci/internal/provider/resource_aci_external_management_network_instance_profile.go:381.58,382.30 1 1
/Users/akinross/PycharmProjects/ACIRotation/terraform-provider-aci/internal/provider/resource_aci_external_management_network_instance_profile.go:382.30,384.6 1 1
/Users/akinross/PycharmProjects/ACIRotation/terraform-provider-aci/internal/provider/resource_aci_external_management_network_instance_profile.go:385.5,385.38 1 1
/Users/akinross/PycharmProjects/ACIRotation/terraform-provider-aci/internal/provider/resource_aci_external_management_network_instance_profile.go:385.38,387.6 1 1
/Users/akinross/PycharmProjects/ACIRotation/terraform-provider-aci/internal/provider/resource_aci_external_management_network_instance_profile.go:388.5,388.33 1 1
/Users/akinross/PycharmProjects/ACIRotation/terraform-provider-aci/internal/provider/resource_aci_external_management_network_instance_profile.go:388.33,390.6 1 1
/Users/akinross/PycharmProjects/ACIRotation/terraform-provider-aci/internal/provider/resource_aci_external_management_network_instance_profile.go:391.5,391.32 1 1
/Users/akinross/PycharmProjects/ACIRotation/terraform-provider-aci/internal/provider/resource_aci_external_management_network_instance_profile.go:391.32,393.6 1 1
/Users/akinross/PycharmProjects/ACIRotation/terraform-provider-aci/internal/provider/resource_aci_external_management_network_instance_profile.go:394.5,394.37 1 1
/Users/akinross/PycharmProjects/ACIRotation/terraform-provider-aci/internal/provider/resource_aci_external_management_network_instance_profile.go:394.37,396.6 1 1
/Users/akinross/PycharmProjects/ACIRotation/terraform-provider-aci/internal/provider/resource_aci_external_management_network_instance_profile.go:397.5,397.32 1 1
/Users/akinross/PycharmProjects/ACIRotation/terraform-provider-aci/internal/provider/resource_aci_external_management_network_instance_profile.go:397.32,399.6 1 1
/Users/akinross/PycharmProjects/ACIRotation/terraform-provider-aci/internal/provider/resource_aci_external_management_network_instance_profile.go:401.4,404.10 4 1
/Users/akinross/PycharmProjects/ACIRotation/terraform-provider-aci/internal/provider/resource_aci_external_management_network_instance_profile.go:404.10,406.36 2 1
/Users/akinross/PycharmProjects/ACIRotation/terraform-provider-aci/internal/provider/resource_aci_external_management_network_instance_profile.go:406.36,407.84 1 1
/Users/akinross/PycharmProjects/ACIRotation/terraform-provider-aci/internal/provider/resource_aci_external_management_network_instance_profile.go:407.84,409.44 2 1
/Users/akinross/PycharmProjects/ACIRotation/terraform-provider-aci/internal/provider/resource_aci_external_management_network_instance_profile.go:409.44,411.77 2 1
/Users/akinross/PycharmProjects/ACIRotation/terraform-provider-aci/internal/provider/resource_aci_external_management_network_instance_profile.go:411.77,412.47 1 1
/Users/akinross/PycharmProjects/ACIRotation/terraform-provider-aci/internal/provider/resource_aci_external_management_network_instance_profile.go:412.47,414.10 1 1
/Users/akinross/PycharmProjects/ACIRotation/terraform-provider-aci/internal/provider/resource_aci_external_management_network_instance_profile.go:415.9,415.41 1 1
/Users/akinross/PycharmProjects/ACIRotation/terraform-provider-aci/internal/provider/resource_aci_external_management_network_instance_profile.go:415.41,417.10 1 1
/Users/akinross/PycharmProjects/ACIRotation/terraform-provider-aci/internal/provider/resource_aci_external_management_network_instance_profile.go:418.9,418.52 1 1
/Users/akinross/PycharmProjects/ACIRotation/terraform-provider-aci/internal/provider/resource_aci_external_management_network_instance_profile.go:418.52,420.10 1 1
/Users/akinross/PycharmProjects/ACIRotation/terraform-provider-aci/internal/provider/resource_aci_external_management_network_instance_profile.go:422.8,422.95 1 1
/Users/akinross/PycharmProjects/ACIRotation/terraform-provider-aci/internal/provider/resource_aci_external_management_network_instance_profile.go:424.7,424.44 1 1
/Users/akinross/PycharmProjects/ACIRotation/terraform-provider-aci/internal/provider/resource_aci_external_management_network_instance_profile.go:424.44,426.77 2 1
/Users/akinross/PycharmProjects/ACIRotation/terraform-provider-aci/internal/provider/resource_aci_external_management_network_instance_profile.go:426.77,427.40 1 1
/Users/akinross/PycharmProjects/ACIRotation/terraform-provider-aci/internal/provider/resource_aci_external_management_network_instance_profile.go:427.40,429.10 1 1
/Users/akinross/PycharmProjects/ACIRotation/terraform-provider-aci/internal/provider/resource_aci_external_management_network_instance_profile.go:430.9,430.42 1 1
/Users/akinross/PycharmProjects/ACIRotation/terraform-provider-aci/internal/provider/resource_aci_external_management_network_instance_profile.go:430.42,432.10 1 1
/Users/akinross/PycharmProjects/ACIRotation/terraform-provider-aci/internal/provider/resource_aci_external_management_network_instance_profile.go:434.8,434.95 1 1
/Users/akinross/PycharmProjects/ACIRotation/terraform-provider-aci/internal/provider/resource_aci_external_management_network_instance_profile.go:439.4,439.43 1 1
/Users/akinross/PycharmProjects/ACIRotation/terraform-provider-aci/internal/provider/resource_aci_external_management_network_instance_profile.go:439.43,442.5 2 1
/Users/akinross/PycharmProjects/ACIRotation/terraform-provider-aci/internal/provider/resource_aci_external_management_network_instance_profile.go:443.4,443.43 1 1
/Users/akinross/PycharmProjects/ACIRotation/terraform-provider-aci/internal/provider/resource_aci_external_management_network_instance_profile.go:443.43,446.5 2 1
/Users/akinross/PycharmProjects/ACIRotation/terraform-provider-aci/internal/provider/resource_aci_external_management_network_instance_profile.go:447.9,452.4 1 0
/Users/akinross/PycharmProjects/ACIRotation/terraform-provider-aci/internal/provider/resource_aci_external_management_network_instance_profile.go:453.8,455.3 1 1
/Users/akinross/PycharmProjects/ACIRotation/terraform-provider-aci/internal/provider/resource_aci_external_management_network_instance_profile.go:458.79,460.46 2 1
/Users/akinross/PycharmProjects/ACIRotation/terraform-provider-aci/internal/provider/resource_aci_external_management_network_instance_profile.go:460.46,464.3 3 1
/Users/akinross/PycharmProjects/ACIRotation/terraform-provider-aci/internal/provider/resource_aci_external_management_network_instance_profile.go:465.2,465.11 1 1
/Users/akinross/PycharmProjects/ACIRotation/terraform-provider-aci/internal/provider/resource_aci_external_management_network_instance_profile.go:468.72,471.2 2 1
/Users/akinross/PycharmProjects/ACIRotation/terraform-provider-aci/internal/provider/resource_aci_external_management_network_instance_profile.go:473.223,476.37 2 1
/Users/akinross/PycharmProjects/ACIRotation/terraform-provider-aci/internal/provider/resource_aci_external_management_network_instance_profile.go:476.37,478.51 2 1
/Users/akinross/PycharmProjects/ACIRotation/terraform-provider-aci/internal/provider/resource_aci_external_management_network_instance_profile.go:478.51,480.45 2 1
/Users/akinross/PycharmProjects/ACIRotation/terraform-provider-aci/internal/provider/resource_aci_external_management_network_instance_profile.go:480.45,482.5 1 1
/Users/akinross/PycharmProjects/ACIRotation/terraform-provider-aci/internal/provider/resource_aci_external_management_network_instance_profile.go:482.10,484.5 1 0
/Users/akinross/PycharmProjects/ACIRotation/terraform-provider-aci/internal/provider/resource_aci_external_management_network_instance_profile.go:485.4,485.39 1 1
/Users/akinross/PycharmProjects/ACIRotation/terraform-provider-aci/internal/provider/resource_aci_external_management_network_instance_profile.go:485.39,487.5 1 1
/Users/akinross/PycharmProjects/ACIRotation/terraform-provider-aci/internal/provider/resource_aci_external_management_network_instance_profile.go:488.4,488.50 1 1
/Users/akinross/PycharmProjects/ACIRotation/terraform-provider-aci/internal/provider/resource_aci_external_management_network_instance_profile.go:488.50,490.5 1 1
/Users/akinross/PycharmProjects/ACIRotation/terraform-provider-aci/internal/provider/resource_aci_external_management_network_instance_profile.go:491.4,494.88 4 1
/Users/akinross/PycharmProjects/ACIRotation/terraform-provider-aci/internal/provider/resource_aci_external_management_network_instance_profile.go:496.3,496.52 1 1
/Users/akinross/PycharmProjects/ACIRotation/terraform-provider-aci/internal/provider/resource_aci_external_management_network_instance_profile.go:496.52,498.69 2 1
/Users/akinross/PycharmProjects/ACIRotation/terraform-provider-aci/internal/provider/resource_aci_external_management_network_instance_profile.go:498.69,499.81 1 1
/Users/akinross/PycharmProjects/ACIRotation/terraform-provider-aci/internal/provider/resource_aci_external_management_network_instance_profile.go:499.81,501.11 2 1
/Users/akinross/PycharmProjects/ACIRotation/terraform-provider-aci/internal/provider/resource_aci_external_management_network_instance_profile.go:504.4,504.14 1 1
/Users/akinross/PycharmProjects/ACIRotation/terraform-provider-aci/internal/provider/resource_aci_external_management_network_instance_profile.go:504.14,509.5 4 1
/Users/akinross/PycharmProjects/ACIRotation/terraform-provider-aci/internal/provider/resource_aci_external_management_network_instance_profile.go:511.8,513.3 1 1
/Users/akinross/PycharmProjects/ACIRotation/terraform-provider-aci/internal/provider/resource_aci_external_management_network_instance_profile.go:515.2,515.22 1 1
/Users/akinross/PycharmProjects/ACIRotation/terraform-provider-aci/internal/provider/resource_aci_external_management_network_instance_profile.go:517.223,520.37 2 1
/Users/akinross/PycharmProjects/ACIRotation/terraform-provider-aci/internal/provider/resource_aci_external_management_network_instance_profile.go:520.37,522.51 2 1
/Users/akinross/PycharmProjects/ACIRotation/terraform-provider-aci/internal/provider/resource_aci_external_management_network_instance_profile.go:522.51,524.38 2 1
/Users/akinross/PycharmProjects/ACIRotation/terraform-provider-aci/internal/provider/resource_aci_external_management_network_instance_profile.go:524.38,526.5 1 1
/Users/akinross/PycharmProjects/ACIRotation/terraform-provider-aci/internal/provider/resource_aci_external_management_network_instance_profile.go:527.4,527.40 1 1
/Users/akinross/PycharmProjects/ACIRotation/terraform-provider-aci/internal/provider/resource_aci_external_management_network_instance_profile.go:527.40,529.5 1 1
/Users/akinross/PycharmProjects/ACIRotation/terraform-provider-aci/internal/provider/resource_aci_external_management_network_instance_profile.go:530.4,533.88 4 1
/Users/akinross/PycharmProjects/ACIRotation/terraform-provider-aci/internal/provider/resource_aci_external_management_network_instance_profile.go:535.3,535.52 1 1
/Users/akinross/PycharmProjects/ACIRotation/terraform-provider-aci/internal/provider/resource_aci_external_management_network_instance_profile.go:535.52,537.69 2 1
/Users/akinross/PycharmProjects/ACIRotation/terraform-provider-aci/internal/provider/resource_aci_external_management_network_instance_profile.go:537.69,538.57 1 1
/Users/akinross/PycharmProjects/ACIRotation/terraform-provider-aci/internal/provider/resource_aci_external_management_network_instance_profile.go:538.57,540.11 2 1
/Users/akinross/PycharmProjects/ACIRotation/terraform-provider-aci/internal/provider/resource_aci_external_management_network_instance_profile.go:543.4,543.14 1 1
/Users/akinross/PycharmProjects/ACIRotation/terraform-provider-aci/internal/provider/resource_aci_external_management_network_instance_profile.go:543.14,548.5 4 1
/Users/akinross/PycharmProjects/ACIRotation/terraform-provider-aci/internal/provider/resource_aci_external_management_network_instance_profile.go:550.8,552.3 1 1
/Users/akinross/PycharmProjects/ACIRotation/terraform-provider-aci/internal/provider/resource_aci_external_management_network_instance_profile.go:554.2,554.22 1 1
/Users/akinross/PycharmProjects/ACIRotation/terraform-provider-aci/internal/provider/resource_aci_external_management_network_instance_profile.go:557.287,563.39 5 1
/Users/akinross/PycharmProjects/ACIRotation/terraform-provider-aci/internal/provider/resource_aci_external_management_network_instance_profile.go:563.39,565.3 1 0
/Users/akinross/PycharmProjects/ACIRotation/terraform-provider-aci/internal/provider/resource_aci_external_management_network_instance_profile.go:566.2,569.39 3 1
/Users/akinross/PycharmProjects/ACIRotation/terraform-provider-aci/internal/provider/resource_aci_external_management_network_instance_profile.go:569.39,571.3 1 0
/Users/akinross/PycharmProjects/ACIRotation/terraform-provider-aci/internal/provider/resource_aci_external_management_network_instance_profile.go:572.2,575.63 3 1
/Users/akinross/PycharmProjects/ACIRotation/terraform-provider-aci/internal/provider/resource_aci_external_management_network_instance_profile.go:575.63,577.3 1 1
/Users/akinross/PycharmProjects/ACIRotation/terraform-provider-aci/internal/provider/resource_aci_external_management_network_instance_profile.go:578.2,578.53 1 1
/Users/akinross/PycharmProjects/ACIRotation/terraform-provider-aci/internal/provider/resource_aci_external_management_network_instance_profile.go:578.53,580.3 1 1
/Users/akinross/PycharmProjects/ACIRotation/terraform-provider-aci/internal/provider/resource_aci_external_management_network_instance_profile.go:581.2,581.51 1 1
/Users/akinross/PycharmProjects/ACIRotation/terraform-provider-aci/internal/provider/resource_aci_external_management_network_instance_profile.go:581.51,583.3 1 1
/Users/akinross/PycharmProjects/ACIRotation/terraform-provider-aci/internal/provider/resource_aci_external_management_network_instance_profile.go:584.2,584.61 1 1
/Users/akinross/PycharmProjects/ACIRotation/terraform-provider-aci/internal/provider/resource_aci_external_management_network_instance_profile.go:584.61,586.3 1 1
/Users/akinross/PycharmProjects/ACIRotation/terraform-provider-aci/internal/provider/resource_aci_external_management_network_instance_profile.go:587.2,587.51 1 1
/Users/akinross/PycharmProjects/ACIRotation/terraform-provider-aci/internal/provider/resource_aci_external_management_network_instance_profile.go:587.51,589.3 1 1
/Users/akinross/PycharmProjects/ACIRotation/terraform-provider-aci/internal/provider/resource_aci_external_management_network_instance_profile.go:591.2,592.16 2 1
/Users/akinross/PycharmProjects/ACIRotation/terraform-provider-aci/internal/provider/resource_aci_external_management_network_instance_profile.go:592.16,598.3 2 0
/Users/akinross/PycharmProjects/ACIRotation/terraform-provider-aci/internal/provider/resource_aci_external_management_network_instance_profile.go:600.2,602.16 2 1
/Users/akinross/PycharmProjects/ACIRotation/terraform-provider-aci/internal/provider/resource_aci_external_management_network_instance_profile.go:602.16,608.3 2 0
/Users/akinross/PycharmProjects/ACIRotation/terraform-provider-aci/internal/provider/resource_aci_external_management_network_instance_profile.go:609.2,609.20 1 1
/Users/akinross/PycharmProjects/ACIRotation/terraform-provider-aci/internal/provider/resource_aci_external_management_network_instance_profile.go:612.133,616.16 3 1
/Users/akinross/PycharmProjects/ACIRotation/terraform-provider-aci/internal/provider/resource_aci_external_management_network_instance_profile.go:616.16,622.3 2 0
/Users/akinross/PycharmProjects/ACIRotation/terraform-provider-aci/internal/provider/resource_aci_external_management_network_instance_profile.go:623.2,623.20 1 1
/Users/akinross/PycharmProjects/ACIRotation/terraform-provider-aci/internal/provider/resource_aci_external_management_network_instance_profile.go:626.166,629.16 2 1
/Users/akinross/PycharmProjects/ACIRotation/terraform-provider-aci/internal/provider/resource_aci_external_management_network_instance_profile.go:629.16,635.3 2 0
/Users/akinross/PycharmProjects/ACIRotation/terraform-provider-aci/internal/provider/resource_aci_external_management_network_instance_profile.go:637.2,639.59 2 1
/Users/akinross/PycharmProjects/ACIRotation/terraform-provider-aci/internal/provider/resource_aci_external_management_network_instance_profile.go:639.59,645.3 2 0
/Users/akinross/PycharmProjects/ACIRotation/terraform-provider-aci/internal/provider/resource_aci_external_management_network_instance_profile.go:645.8,645.23 1 1
/Users/akinross/PycharmProjects/ACIRotation/terraform-provider-aci/internal/provider/resource_aci_external_management_network_instance_profile.go:645.23,651.3 2 0
/Users/akinross/PycharmProjects/ACIRotation/terraform-provider-aci/internal/provider/resource_aci_external_management_network_instance_profile.go:653.2,653.13 1 1
/Users/akinross/PycharmProjects/ACIRotation/terraform-provider-aci/internal/provider/resource_aci_external_management_network_subnet.go:31.48,33.2 1 1
/Users/akinross/PycharmProjects/ACIRotation/terraform-provider-aci/internal/provider/resource_aci_external_management_network_subnet.go:62.123,66.2 3 1
/Users/akinross/PycharmProjects/ACIRotation/terraform-provider-aci/internal/provider/resource_aci_external_management_network_subnet.go:68.117,160.2 3 1
/Users/akinross/PycharmProjects/ACIRotation/terraform-provider-aci/internal/provider/resource_aci_external_management_network_subnet.go:162.126,165.29 2 1
/Users/akinross/PycharmProjects/ACIRotation/terraform-provider-aci/internal/provider/resource_aci_external_management_network_subnet.go:165.29,167.3 1 1
/Users/akinross/PycharmProjects/ACIRotation/terraform-provider-aci/internal/provider/resource_aci_external_management_network_subnet.go:169.2,171.9 2 1
/Users/akinross/PycharmProjects/ACIRotation/terraform-provider-aci/internal/provider/resource_aci_external_management_network_subnet.go:171.9,178.3 2 0
/Users/akinross/PycharmProjects/ACIRotation/terraform-provider-aci/internal/provider/resource_aci_external_management_network_subnet.go:180.2,181.87 2 1
/Users/akinross/PycharmProjects/ACIRotation/terraform-provider-aci/internal/provider/resource_aci_external_management_network_subnet.go:184.117,197.33 8 1
/Users/akinross/PycharmProjects/ACIRotation/terraform-provider-aci/internal/provider/resource_aci_external_management_network_subnet.go:197.33,199.3 1 0
/Users/akinross/PycharmProjects/ACIRotation/terraform-provider-aci/internal/provider/resource_aci_external_management_network_subnet.go:201.2,210.33 7 1
/Users/akinross/PycharmProjects/ACIRotation/terraform-provider-aci/internal/provider/resource_aci_external_management_network_subnet.go:210.33,212.3 1 0
/Users/akinross/PycharmProjects/ACIRotation/terraform-provider-aci/internal/provider/resource_aci_external_management_network_subnet.go:214.2,215.33 2 1
/Users/akinross/PycharmProjects/ACIRotation/terraform-provider-aci/internal/provider/resource_aci_external_management_network_subnet.go:215.33,217.3 1 0
/Users/akinross/PycharmProjects/ACIRotation/terraform-provider-aci/internal/provider/resource_aci_external_management_network_subnet.go:219.2,223.84 3 1
/Users/akinross/PycharmProjects/ACIRotation/terraform-provider-aci/internal/provider/resource_aci_external_management_network_subnet.go:226.111,233.33 4 1
/Users/akinross/PycharmProjects/ACIRotation/terraform-provider-aci/internal/provider/resource_aci_external_management_network_subnet.go:233.33,235.3 1 0
/Users/akinross/PycharmProjects/ACIRotation/terraform-provider-aci/internal/provider/resource_aci_external_management_network_subnet.go:237.2,242.22 3 1
/Users/akinross/PycharmProjects/ACIRotation/terraform-provider-aci/internal/provider/resource_aci_external_management_network_subnet.go:242.22,245.3 2 0
/Users/akinross/PycharmProjects/ACIRotation/terraform-provider-aci/internal/provider/resource_aci_external_management_network_subnet.go:245.8,247.3 1 1
/Users/akinross/PycharmProjects/ACIRotation/terraform-provider-aci/internal/provider/resource_aci_external_management_network_subnet.go:249.2,249.82 1 1
/Users/akinross/PycharmProjects/ACIRotation/terraform-provider-aci/internal/provider/resource_aci_external_management_network_subnet.go:252.117,261.33 6 1
/Users/akinross/PycharmProjects/ACIRotation/terraform-provider-aci/internal/provider/resource_aci_external_management_network_subnet.go:261.33,263.3 1 0
/Users/akinross/PycharmProjects/ACIRotation/terraform-provider-aci/internal/provider/resource_aci_external_management_network_subnet.go:265.2,272.33 6 1
/Users/akinross/PycharmProjects/ACIRotation/terraform-provider-aci/internal/provider/resource_aci_external_management_network_subnet.go:272.33,274.3 1 0
/Users/akinross/PycharmProjects/ACIRotation/terraform-provider-aci/internal/provider/resource_aci_external_management_network_subnet.go:276.2,278.33 2 1
/Users/akinross/PycharmProjects/ACIRotation/terraform-provider-aci/internal/provider/resource_aci_external_management_network_subnet.go:278.33,280.3 1 0
/Users/akinross/PycharmProjects/ACIRotation/terraform-provider-aci/internal/provider/resource_aci_external_management_network_subnet.go:282.2,286.84 3 1
/Users/akinross/PycharmProjects/ACIRotation/terraform-provider-aci/internal/provider/resource_aci_external_management_network_subnet.go:289.117,296.33 4 1
/Users/akinross/PycharmProjects/ACIRotation/terraform-provider-aci/internal/provider/resource_aci_external_management_network_subnet.go:296.33,298.3 1 0
/Users/akinross/PycharmProjects/ACIRotation/terraform-provider-aci/internal/provider/resource_aci_external_management_network_subnet.go:300.2,302.33 3 1
/Users/akinross/PycharmProjects/ACIRotation/terraform-provider-aci/internal/provider/resource_aci_external_management_network_subnet.go:302.33,304.3 1 0
/Users/akinross/PycharmProjects/ACIRotation/terraform-provider-aci/internal/provider/resource_aci_external_management_network_subnet.go:305.2,306.33 2 1
/Users/akinross/PycharmProjects/ACIRotation/terraform-provider-aci/internal/provider/resource_aci_external_management_network_subnet.go:306.33,308.3 1 0
/Users/akinross/PycharmProjects/ACIRotation/terraform-provider-aci/internal/provider/resource_aci_external_management_network_subnet.go:309.2,309.84 1 1
/Users/akinross/PycharmProjects/ACIRotation/terraform-provider-aci/internal/provider/resource_aci_external_management_network_subnet.go:312.132,321.2 6 1
/Users/akinross/PycharmProjects/ACIRotation/terraform-provider-aci/internal/provider/resource_aci_external_management_network_subnet.go:323.130,326.22 2 1
/Users/akinross/PycharmProjects/ACIRotation/terraform-provider-aci/internal/provider/resource_aci_external_management_network_subnet.go:326.22,328.3 1 0
/Users/akinross/PycharmProjects/ACIRotation/terraform-provider-aci/internal/provider/resource_aci_external_management_network_subnet.go:329.2,329.69 1 1
/Users/akinross/PycharmProjects/ACIRotation/terraform-provider-aci/internal/provider/resource_aci_external_management_network_subnet.go:329.69,331.30 2 1
/Users/akinross/PycharmProjects/ACIRotation/terraform-provider-aci/internal/provider/resource_aci_external_management_network_subnet.go:331.30,333.58 2 1
/Users/akinross/PycharmProjects/ACIRotation/terraform-provider-aci/internal/provider/resource_aci_external_management_network_subnet.go:333.58,334.30 1 1
/Users/akinross/PycharmProjects/ACIRotation/terraform-provider-aci/internal/provider/resource_aci_external_management_network_subnet.go:334.30,337.6 2 1
/Users/akinross/PycharmProjects/ACIRotation/terraform-provider-aci/internal/provider/resource_aci_external_management_network_subnet.go:338.5,338.38 1 1
/Users/akinross/PycharmProjects/ACIRotation/terraform-provider-aci/internal/provider/resource_aci_external_management_network_subnet.go:338.38,340.6 1 1
/Users/akinross/PycharmProjects/ACIRotation/terraform-provider-aci/internal/provider/resource_aci_external_management_network_subnet.go:341.5,341.33 1 1
/Users/akinross/PycharmProjects/ACIRotation/terraform-provider-aci/internal/provider/resource_aci_external_management_network_subnet.go:341.33,343.6 1 1
/Users/akinross/PycharmProjects/ACIRotation/terraform-provider-aci/internal/provider/resource_aci_external_management_network_subnet.go:344.5,344.30 1 1
/Users/akinross/PycharmProjects/ACIRotation/terraform-provider-aci/internal/provider/resource_aci_external_management_network_subnet.go:344.30,346.6 1 1
/Users/akinross/PycharmProjects/ACIRotation/terraform-provider-aci/internal/provider/resource_aci_external_management_network_subnet.go:347.5,347.32 1 1
/Users/akinross/PycharmProjects/ACIRotation/terraform-provider-aci/internal/provider/resource_aci_external_management_network_subnet.go:347.32,349.6 1 1
/Users/akinross/PycharmProjects/ACIRotation/terraform-provider-aci/internal/provider/resource_aci_external_management_network_subnet.go:350.5,350.37 1 1
/Users/akinross/PycharmProjects/ACIRotation/terraform-provider-aci/internal/provider/resource_aci_external_management_network_subnet.go:350.37,352.6 1 1
/Users/akinross/PycharmProjects/ACIRotation/terraform-provider-aci/internal/provider/resource_aci_external_management_network_subnet.go:354.4,356.10 3 1
/Users/akinross/PycharmProjects/ACIRotation/terraform-provider-aci/internal/provider/resource_aci_external_management_network_subnet.go:356.10,358.36 2 1
/Users/akinross/PycharmProjects/ACIRotation/terraform-provider-aci/internal/provider/resource_aci_external_management_network_subnet.go:358.36,359.84 1 1
/Users/akinross/PycharmProjects/ACIRotation/terraform-provider-aci/internal/provider/resource_aci_external_management_network_subnet.go:359.84,361.44 2 1
/Users/akinross/PycharmProjects/ACIRotation/terraform-provider-aci/internal/provider/resource_aci_external_management_network_subnet.go:361.44,363.77 2 1
/Users/akinross/PycharmProjects/ACIRotation/terraform-provider-aci/internal/provider/resource_aci_external_management_network_subnet.go:363.77,364.40 1 1
/Users/akinross/PycharmProjects/ACIRotation/terraform-provider-aci/internal/provider/resource_aci_external_management_network_subnet.go:364.40,366.10 1 1
/Users/akinross/PycharmProjects/ACIRotation/terraform-provider-aci/internal/provider/resource_aci_external_management_network_subnet.go:367.9,367.42 1 1
/Users/akinross/PycharmProjects/ACIRotation/terraform-provider-aci/internal/provider/resource_aci_external_management_network_subnet.go:367.42,369.10 1 1
/Users/akinross/PycharmProjects/ACIRotation/terraform-provider-aci/internal/provider/resource_aci_external_management_network_subnet.go:371.8,371.98 1 1
/Users/akinross/PycharmProjects/ACIRotation/terraform-provider-aci/internal/provider/resource_aci_external_management_network_subnet.go:376.4,376.44 1 1
/Users/akinross/PycharmProjects/ACIRotation/terraform-provider-aci/internal/provider/resource_aci_external_management_network_subnet.go:376.44,379.5 2 1
/Users/akinross/PycharmProjects/ACIRotation/terraform-provider-aci/internal/provider/resource_aci_external_management_network_subnet.go:380.9,385.4 1 0
/Users/akinross/PycharmProjects/ACIRotation/terraform-provider-aci/internal/provider/resource_aci_external_management_network_subnet.go:386.8,388.3 1 1
/Users/akinross/PycharmProjects/ACIRotation/terraform-provider-aci/internal/provider/resource_aci_external_management_network_subnet.go:391.81,393.44 2 1
/Users/akinross/PycharmProjects/ACIRotation/terraform-provider-aci/internal/provider/resource_aci_external_management_network_subnet.go:393.44,397.3 3 1
/Users/akinross/PycharmProjects/ACIRotation/terraform-provider-aci/internal/provider/resource_aci_external_management_network_subnet.go:398.2,398.11 1 1
/Users/akinross/PycharmProjects/ACIRotation/terraform-provider-aci/internal/provider/resource_aci_external_management_network_subnet.go:401.91,404.36 3 1
/Users/akinross/PycharmProjects/ACIRotation/terraform-provider-aci/internal/provider/resource_aci_external_management_network_subnet.go:404.36,405.27 1 1
/Users/akinross/PycharmProjects/ACIRotation/terraform-provider-aci/internal/provider/resource_aci_external_management_network_subnet.go:405.27,407.4 1 1
/Users/akinross/PycharmProjects/ACIRotation/terraform-provider-aci/internal/provider/resource_aci_external_management_network_subnet.go:407.9,407.34 1 1
/Users/akinross/PycharmProjects/ACIRotation/terraform-provider-aci/internal/provider/resource_aci_external_management_network_subnet.go:407.34,409.4 1 1
/Users/akinross/PycharmProjects/ACIRotation/terraform-provider-aci/internal/provider/resource_aci_external_management_network_subnet.go:409.9,409.55 1 1
/Users/akinross/PycharmProjects/ACIRotation/terraform-provider-aci/internal/provider/resource_aci_external_management_network_subnet.go:409.55,411.9 2 1
/Users/akinross/PycharmProjects/ACIRotation/terraform-provider-aci/internal/provider/resource_aci_external_management_network_subnet.go:414.2,414.56 1 1
/Users/akinross/PycharmProjects/ACIRotation/terraform-provider-aci/internal/provider/resource_aci_external_management_network_subnet.go:417.74,420.2 2 1
/Users/akinross/PycharmProjects/ACIRotation/terraform-provider-aci/internal/provider/resource_aci_external_management_network_subnet.go:422.226,425.37 2 1
/Users/akinross/PycharmProjects/ACIRotation/terraform-provider-aci/internal/provider/resource_aci_external_management_network_subnet.go:425.37,427.51 2 1
/Users/akinross/PycharmProjects/ACIRotation/terraform-provider-aci/internal/provider/resource_aci_external_management_network_subnet.go:427.51,429.38 2 1
/Users/akinross/PycharmProjects/ACIRotation/terraform-provider-aci/internal/provider/resource_aci_external_management_network_subnet.go:429.38,431.5 1 1
/Users/akinross/PycharmProjects/ACIRotation/terraform-provider-aci/internal/provider/resource_aci_external_management_network_subnet.go:432.4,432.40 1 1
/Users/akinross/PycharmProjects/ACIRotation/terraform-provider-aci/internal/provider/resource_aci_external_management_network_subnet.go:432.40,434.5 1 1
/Users/akinross/PycharmProjects/ACIRotation/terraform-provider-aci/internal/provider/resource_aci_external_management_network_subnet.go:435.4,438.88 4 1
/Users/akinross/PycharmProjects/ACIRotation/terraform-provider-aci/internal/provider/resource_aci_external_management_network_subnet.go:440.3,440.52 1 1
/Users/akinross/PycharmProjects/ACIRotation/terraform-provider-aci/internal/provider/resource_aci_external_management_network_subnet.go:440.52,442.69 2 1
/Users/akinross/PycharmProjects/ACIRotation/terraform-provider-aci/internal/provider/resource_aci_external_management_network_subnet.go:442.69,443.57 1 1
/Users/akinross/PycharmProjects/ACIRotation/terraform-provider-aci/internal/provider/resource_aci_external_management_network_subnet.go:443.57,445.11 2 1
/Users/akinross/PycharmProjects/ACIRotation/terraform-provider-aci/internal/provider/resource_aci_external_management_network_subnet.go:448.4,448.14 1 1
/Users/akinross/PycharmProjects/ACIRotation/terraform-provider-aci/internal/provider/resource_aci_external_management_network_subnet.go:448.14,453.5 4 1
/Users/akinross/PycharmProjects/ACIRotation/terraform-provider-aci/internal/provider/resource_aci_external_management_network_subnet.go:455.8,457.3 1 1
/Users/akinross/PycharmProjects/ACIRotation/terraform-provider-aci/internal/provider/resource_aci_external_management_network_subnet.go:459.2,459.22 1 1
/Users/akinross/PycharmProjects/ACIRotation/terraform-provider-aci/internal/provider/resource_aci_external_management_network_subnet.go:462.213,468.39 5 1
/Users/akinross/PycharmProjects/ACIRotation/terraform-provider-aci/internal/provider/resource_aci_external_management_network_subnet.go:468.39,470.3 1 0
/Users/akinross/PycharmProjects/ACIRotation/terraform-provider-aci/internal/provider/resource_aci_external_management_network_subnet.go:471.2,474.63 3 1
/Users/akinross/PycharmProjects/ACIRotation/terraform-provider-aci/internal/provider/resource_aci_external_management_network_subnet.go:474.63,476.3 1 1
/Users/akinross/PycharmProjects/ACIRotation/terraform-provider-aci/internal/provider/resource_aci_external_management_network_subnet.go:477.2,477.53 1 1
/Users/akinross/PycharmProjects/ACIRotation/terraform-provider-aci/internal/provider/resource_aci_external_management_network_subnet.go:477.53,479.3 1 1
/Users/akinross/PycharmProjects/ACIRotation/terraform-provider-aci/internal/provider/resource_aci_external_management_network_subnet.go:480.2,480.47 1 1
/Users/akinross/PycharmProjects/ACIRotation/terraform-provider-aci/internal/provider/resource_aci_external_management_network_subnet.go:480.47,482.3 1 1
/Users/akinross/PycharmProjects/ACIRotation/terraform-provider-aci/internal/provider/resource_aci_external_management_network_subnet.go:483.2,483.51 1 1
/Users/akinross/PycharmProjects/ACIRotation/terraform-provider-aci/internal/provider/resource_aci_external_management_network_subnet.go:483.51,485.3 1 1
/Users/akinross/PycharmProjects/ACIRotation/terraform-provider-aci/internal/provider/resource_aci_external_management_network_subnet.go:486.2,486.61 1 1
/Users/akinross/PycharmProjects/ACIRotation/terraform-provider-aci/internal/provider/resource_aci_external_management_network_subnet.go:486.61,488.3 1 1
/Users/akinross/PycharmProjects/ACIRotation/terraform-provider-aci/internal/provider/resource_aci_external_management_network_subnet.go:490.2,491.16 2 1
/Users/akinross/PycharmProjects/ACIRotation/terraform-provider-aci/internal/provider/resource_aci_external_management_network_subnet.go:491.16,497.3 2 0
/Users/akinross/PycharmProjects/ACIRotation/terraform-provider-aci/internal/provider/resource_aci_external_management_network_subnet.go:499.2,501.16 2 1
/Users/akinross/PycharmProjects/ACIRotation/terraform-provider-aci/internal/provider/resource_aci_external_management_network_subnet.go:501.16,507.3 2 0
/Users/akinross/PycharmProjects/ACIRotation/terraform-provider-aci/internal/provider/resource_aci_external_management_network_subnet.go:508.2,508.20 1 1
/Users/akinross/PycharmProjects/ACIRotation/terraform-provider-aci/internal/provider/resource_aci_external_management_network_subnet.go:511.135,515.16 3 1
/Users/akinross/PycharmProjects/ACIRotation/terraform-provider-aci/internal/provider/resource_aci_external_management_network_subnet.go:515.16,521.3 2 0
/Users/akinross/PycharmProjects/ACIRotation/terraform-provider-aci/internal/provider/resource_aci_external_management_network_subnet.go:522.2,522.20 1 1
/Users/akinross/PycharmProjects/ACIRotation/terraform-provider-aci/internal/provider/resource_aci_external_management_network_subnet.go:525.167,528.16 2 1
/Users/akinross/PycharmProjects/ACIRotation/terraform-provider-aci/internal/provider/resource_aci_external_management_network_subnet.go:528.16,534.3 2 0
/Users/akinross/PycharmProjects/ACIRotation/terraform-provider-aci/internal/provider/resource_aci_external_management_network_subnet.go:536.2,538.59 2 1
/Users/akinross/PycharmProjects/ACIRotation/terraform-provider-aci/internal/provider/resource_aci_external_management_network_subnet.go:538.59,544.3 2 0
/Users/akinross/PycharmProjects/ACIRotation/terraform-provider-aci/internal/provider/resource_aci_external_management_network_subnet.go:544.8,544.23 1 1
/Users/akinross/PycharmProjects/ACIRotation/terraform-provider-aci/internal/provider/resource_aci_external_management_network_subnet.go:544.23,550.3 2 0
/Users/akinross/PycharmProjects/ACIRotation/terraform-provider-aci/internal/provider/resource_aci_external_management_network_subnet.go:552.2,552.13 1 1
/Users/akinross/PycharmProjects/ACIRotation/terraform-provider-aci/internal/provider/resource_aci_l3out_consumer_label.go:33.50,35.2 1 1
/Users/akinross/PycharmProjects/ACIRotation/terraform-provider-aci/internal/provider/resource_aci_l3out_consumer_label.go:67.125,71.2 3 1
/Users/akinross/PycharmProjects/ACIRotation/terraform-provider-aci/internal/provider/resource_aci_l3out_consumer_label.go:73.119,195.2 3 1
/Users/akinross/PycharmProjects/ACIRotation/terraform-provider-aci/internal/provider/resource_aci_l3out_consumer_label.go:197.128,200.29 2 1
/Users/akinross/PycharmProjects/ACIRotation/terraform-provider-aci/internal/provider/resource_aci_l3out_consumer_label.go:200.29,202.3 1 1
/Users/akinross/PycharmProjects/ACIRotation/terraform-provider-aci/internal/provider/resource_aci_l3out_consumer_label.go:204.2,206.9 2 1
/Users/akinross/PycharmProjects/ACIRotation/terraform-provider-aci/internal/provider/resource_aci_l3out_consumer_label.go:206.9,213.3 2 0
/Users/akinross/PycharmProjects/ACIRotation/terraform-provider-aci/internal/provider/resource_aci_l3out_consumer_label.go:215.2,216.73 2 1
/Users/akinross/PycharmProjects/ACIRotation/terraform-provider-aci/internal/provider/resource_aci_l3out_consumer_label.go:219.119,232.33 8 1
/Users/akinross/PycharmProjects/ACIRotation/terraform-provider-aci/internal/provider/resource_aci_l3out_consumer_label.go:232.33,234.3 1 0
/Users/akinross/PycharmProjects/ACIRotation/terraform-provider-aci/internal/provider/resource_aci_l3out_consumer_label.go:236.2,245.33 7 1
/Users/akinross/PycharmProjects/ACIRotation/terraform-provider-aci/internal/provider/resource_aci_l3out_consumer_label.go:245.33,247.3 1 0
/Users/akinross/PycharmProjects/ACIRotation/terraform-provider-aci/internal/provider/resource_aci_l3out_consumer_label.go:249.2,250.33 2 1
/Users/akinross/PycharmProjects/ACIRotation/terraform-provider-aci/internal/provider/resource_aci_l3out_consumer_label.go:250.33,252.3 1 0
/Users/akinross/PycharmProjects/ACIRotation/terraform-provider-aci/internal/provider/resource_aci_l3out_consumer_label.go:254.2,258.70 3 1
/Users/akinross/PycharmProjects/ACIRotation/terraform-provider-aci/internal/provider/resource_aci_l3out_consumer_label.go:261.113,268.33 4 1
/Users/akinross/PycharmProjects/ACIRotation/terraform-provider-aci/internal/provider/resource_aci_l3out_consumer_label.go:268.33,270.3 1 0
/Users/akinross/PycharmProjects/ACIRotation/terraform-provider-aci/internal/provider/resource_aci_l3out_consumer_label.go:272.2,277.22 3 1
/Users/akinross/PycharmProjects/ACIRotation/terraform-provider-aci/internal/provider/resource_aci_l3out_consumer_label.go:277.22,280.3 2 0
/Users/akinross/PycharmProjects/ACIRotation/terraform-provider-aci/internal/provider/resource_aci_l3out_consumer_label.go:280.8,282.3 1 1
/Users/akinross/PycharmProjects/ACIRotation/terraform-provider-aci/internal/provider/resource_aci_l3out_consumer_label.go:284.2,284.68 1 1
[...]
/Users/akinross/PycharmProjects/ACIRotation/terraform-provider-aci/internal/provider/resource_aci_relation_to_out_of_band_contract.go:452.2,455.63 3 1
/Users/akinross/PycharmProjects/ACIRotation/terraform-provider-aci/internal/provider/resource_aci_relation_to_out_of_band_contract.go:455.63,457.3 1 1
/Users/akinross/PycharmProjects/ACIRotation/terraform-provider-aci/internal/provider/resource_aci_relation_to_out_of_band_contract.go:458.2,458.51 1 1
/Users/akinross/PycharmProjects/ACIRotation/terraform-provider-aci/internal/provider/resource_aci_relation_to_out_of_band_contract.go:458.51,460.3 1 1
/Users/akinross/PycharmProjects/ACIRotation/terraform-provider-aci/internal/provider/resource_aci_relation_to_out_of_band_contract.go:461.2,461.73 1 1
/Users/akinross/PycharmProjects/ACIRotation/terraform-provider-aci/internal/provider/resource_aci_relation_to_out_of_band_contract.go:461.73,463.3 1 1
/Users/akinross/PycharmProjects/ACIRotation/terraform-provider-aci/internal/provider/resource_aci_relation_to_out_of_band_contract.go:465.2,466.16 2 1
/Users/akinross/PycharmProjects/ACIRotation/terraform-provider-aci/internal/provider/resource_aci_relation_to_out_of_band_contract.go:466.16,472.3 2 0
/Users/akinross/PycharmProjects/ACIRotation/terraform-provider-aci/internal/provider/resource_aci_relation_to_out_of_band_contract.go:474.2,476.16 2 1
/Users/akinross/PycharmProjects/ACIRotation/terraform-provider-aci/internal/provider/resource_aci_relation_to_out_of_band_contract.go:476.16,482.3 2 0
/Users/akinross/PycharmProjects/ACIRotation/terraform-provider-aci/internal/provider/resource_aci_relation_to_out_of_band_contract.go:483.2,483.20 1 1
/Users/akinross/PycharmProjects/ACIRotation/terraform-provider-aci/internal/provider/resource_aci_relation_to_out_of_band_contract.go:486.141,490.16 3 1
/Users/akinross/PycharmProjects/ACIRotation/terraform-provider-aci/internal/provider/resource_aci_relation_to_out_of_band_contract.go:490.16,496.3 2 0
/Users/akinross/PycharmProjects/ACIRotation/terraform-provider-aci/internal/provider/resource_aci_relation_to_out_of_band_contract.go:497.2,497.20 1 1
/Users/akinross/PycharmProjects/ACIRotation/terraform-provider-aci/internal/provider/resource_aci_relation_to_out_of_band_contract.go:500.170,503.16 2 1
/Users/akinross/PycharmProjects/ACIRotation/terraform-provider-aci/internal/provider/resource_aci_relation_to_out_of_band_contract.go:503.16,509.3 2 0
/Users/akinross/PycharmProjects/ACIRotation/terraform-provider-aci/internal/provider/resource_aci_relation_to_out_of_band_contract.go:511.2,513.59 2 1
/Users/akinross/PycharmProjects/ACIRotation/terraform-provider-aci/internal/provider/resource_aci_relation_to_out_of_band_contract.go:513.59,519.3 2 0
/Users/akinross/PycharmProjects/ACIRotation/terraform-provider-aci/internal/provider/resource_aci_relation_to_out_of_band_contract.go:519.8,519.23 1 1
/Users/akinross/PycharmProjects/ACIRotation/terraform-provider-aci/internal/provider/resource_aci_relation_to_out_of_band_contract.go:519.23,525.3 2 0
/Users/akinross/PycharmProjects/ACIRotation/terraform-provider-aci/internal/provider/resource_aci_relation_to_out_of_band_contract.go:527.2,527.13 1 1
/Users/akinross/PycharmProjects/ACIRotation/terraform-provider-aci/internal/provider/resource_aci_rest_managed.go:29.52,31.2 1 1
/Users/akinross/PycharmProjects/ACIRotation/terraform-provider-aci/internal/provider/resource_aci_rest_managed.go:71.127,75.2 3 1
/Users/akinross/PycharmProjects/ACIRotation/terraform-provider-aci/internal/provider/resource_aci_rest_managed.go:77.121,170.2 1 1
/Users/akinross/PycharmProjects/ACIRotation/terraform-provider-aci/internal/provider/resource_aci_rest_managed.go:172.130,175.29 2 1
/Users/akinross/PycharmProjects/ACIRotation/terraform-provider-aci/internal/provider/resource_aci_rest_managed.go:175.29,177.3 1 1
/Users/akinross/PycharmProjects/ACIRotation/terraform-provider-aci/internal/provider/resource_aci_rest_managed.go:179.2,181.9 2 1
/Users/akinross/PycharmProjects/ACIRotation/terraform-provider-aci/internal/provider/resource_aci_rest_managed.go:181.9,188.3 2 0
/Users/akinross/PycharmProjects/ACIRotation/terraform-provider-aci/internal/provider/resource_aci_rest_managed.go:190.2,191.65 2 1
/Users/akinross/PycharmProjects/ACIRotation/terraform-provider-aci/internal/provider/resource_aci_rest_managed.go:194.121,201.23 6 1
/Users/akinross/PycharmProjects/ACIRotation/terraform-provider-aci/internal/provider/resource_aci_rest_managed.go:201.23,203.3 1 0
/Users/akinross/PycharmProjects/ACIRotation/terraform-provider-aci/internal/provider/resource_aci_rest_managed.go:205.2,210.33 3 1
/Users/akinross/PycharmProjects/ACIRotation/terraform-provider-aci/internal/provider/resource_aci_rest_managed.go:210.33,212.3 1 0
/Users/akinross/PycharmProjects/ACIRotation/terraform-provider-aci/internal/provider/resource_aci_rest_managed.go:214.2,223.33 7 1
/Users/akinross/PycharmProjects/ACIRotation/terraform-provider-aci/internal/provider/resource_aci_rest_managed.go:223.33,225.3 1 0
/Users/akinross/PycharmProjects/ACIRotation/terraform-provider-aci/internal/provider/resource_aci_rest_managed.go:227.2,228.33 2 1
/Users/akinross/PycharmProjects/ACIRotation/terraform-provider-aci/internal/provider/resource_aci_rest_managed.go:228.33,230.3 1 0
/Users/akinross/PycharmProjects/ACIRotation/terraform-provider-aci/internal/provider/resource_aci_rest_managed.go:232.2,233.23 2 1
/Users/akinross/PycharmProjects/ACIRotation/terraform-provider-aci/internal/provider/resource_aci_rest_managed.go:233.23,235.3 1 0
/Users/akinross/PycharmProjects/ACIRotation/terraform-provider-aci/internal/provider/resource_aci_rest_managed.go:238.2,239.62 2 1
/Users/akinross/PycharmProjects/ACIRotation/terraform-provider-aci/internal/provider/resource_aci_rest_managed.go:242.115,249.33 4 1
/Users/akinross/PycharmProjects/ACIRotation/terraform-provider-aci/internal/provider/resource_aci_rest_managed.go:249.33,251.3 1 0
/Users/akinross/PycharmProjects/ACIRotation/terraform-provider-aci/internal/provider/resource_aci_rest_managed.go:253.2,258.22 3 1
/Users/akinross/PycharmProjects/ACIRotation/terraform-provider-aci/internal/provider/resource_aci_rest_managed.go:258.22,261.3 2 0
/Users/akinross/PycharmProjects/ACIRotation/terraform-provider-aci/internal/provider/resource_aci_rest_managed.go:261.8,263.3 1 1
/Users/akinross/PycharmProjects/ACIRotation/terraform-provider-aci/internal/provider/resource_aci_rest_managed.go:265.2,265.60 1 1
/Users/akinross/PycharmProjects/ACIRotation/terraform-provider-aci/internal/provider/resource_aci_rest_managed.go:268.121,277.33 6 1
/Users/akinross/PycharmProjects/ACIRotation/terraform-provider-aci/internal/provider/resource_aci_rest_managed.go:277.33,279.3 1 0
/Users/akinross/PycharmProjects/ACIRotation/terraform-provider-aci/internal/provider/resource_aci_rest_managed.go:281.2,288.33 6 1
/Users/akinross/PycharmProjects/ACIRotation/terraform-provider-aci/internal/provider/resource_aci_rest_managed.go:288.33,290.3 1 0
/Users/akinross/PycharmProjects/ACIRotation/terraform-provider-aci/internal/provider/resource_aci_rest_managed.go:292.2,293.33 2 1
/Users/akinross/PycharmProjects/ACIRotation/terraform-provider-aci/internal/provider/resource_aci_rest_managed.go:293.33,295.3 1 0
/Users/akinross/PycharmProjects/ACIRotation/terraform-provider-aci/internal/provider/resource_aci_rest_managed.go:297.2,298.33 2 1
/Users/akinross/PycharmProjects/ACIRotation/terraform-provider-aci/internal/provider/resource_aci_rest_managed.go:298.33,300.3 1 0
/Users/akinross/PycharmProjects/ACIRotation/terraform-provider-aci/internal/provider/resource_aci_rest_managed.go:303.2,304.62 2 1
/Users/akinross/PycharmProjects/ACIRotation/terraform-provider-aci/internal/provider/resource_aci_rest_managed.go:307.121,314.33 4 1
/Users/akinross/PycharmProjects/ACIRotation/terraform-provider-aci/internal/provider/resource_aci_rest_managed.go:314.33,316.3 1 0
/Users/akinross/PycharmProjects/ACIRotation/terraform-provider-aci/internal/provider/resource_aci_rest_managed.go:318.2,320.33 3 1
/Users/akinross/PycharmProjects/ACIRotation/terraform-provider-aci/internal/provider/resource_aci_rest_managed.go:320.33,322.3 1 0
/Users/akinross/PycharmProjects/ACIRotation/terraform-provider-aci/internal/provider/resource_aci_rest_managed.go:324.2,325.33 2 1
/Users/akinross/PycharmProjects/ACIRotation/terraform-provider-aci/internal/provider/resource_aci_rest_managed.go:325.33,327.3 1 0
/Users/akinross/PycharmProjects/ACIRotation/terraform-provider-aci/internal/provider/resource_aci_rest_managed.go:328.2,328.62 1 1
/Users/akinross/PycharmProjects/ACIRotation/terraform-provider-aci/internal/provider/resource_aci_rest_managed.go:331.136,340.2 6 1
/Users/akinross/PycharmProjects/ACIRotation/terraform-provider-aci/internal/provider/resource_aci_rest_managed.go:342.150,345.22 2 1
/Users/akinross/PycharmProjects/ACIRotation/terraform-provider-aci/internal/provider/resource_aci_rest_managed.go:345.22,347.3 1 0
/Users/akinross/PycharmProjects/ACIRotation/terraform-provider-aci/internal/provider/resource_aci_rest_managed.go:349.2,349.57 1 1
/Users/akinross/PycharmProjects/ACIRotation/terraform-provider-aci/internal/provider/resource_aci_rest_managed.go:349.57,352.3 2 1
/Users/akinross/PycharmProjects/ACIRotation/terraform-provider-aci/internal/provider/resource_aci_rest_managed.go:354.2,355.35 2 1
/Users/akinross/PycharmProjects/ACIRotation/terraform-provider-aci/internal/provider/resource_aci_rest_managed.go:355.35,358.8 3 1
/Users/akinross/PycharmProjects/ACIRotation/terraform-provider-aci/internal/provider/resource_aci_rest_managed.go:362.2,363.41 2 1
/Users/akinross/PycharmProjects/ACIRotation/terraform-provider-aci/internal/provider/resource_aci_rest_managed.go:363.41,365.3 1 1
/Users/akinross/PycharmProjects/ACIRotation/terraform-provider-aci/internal/provider/resource_aci_rest_managed.go:368.2,372.33 5 1
/Users/akinross/PycharmProjects/ACIRotation/terraform-provider-aci/internal/provider/resource_aci_rest_managed.go:372.33,375.43 3 1
/Users/akinross/PycharmProjects/ACIRotation/terraform-provider-aci/internal/provider/resource_aci_rest_managed.go:375.43,377.4 1 1
/Users/akinross/PycharmProjects/ACIRotation/terraform-provider-aci/internal/provider/resource_aci_rest_managed.go:380.2,380.85 1 1
/Users/akinross/PycharmProjects/ACIRotation/terraform-provider-aci/internal/provider/resource_aci_rest_managed.go:380.85,382.30 2 1
/Users/akinross/PycharmProjects/ACIRotation/terraform-provider-aci/internal/provider/resource_aci_rest_managed.go:382.30,385.58 3 1
/Users/akinross/PycharmProjects/ACIRotation/terraform-provider-aci/internal/provider/resource_aci_rest_managed.go:385.58,386.30 1 1
/Users/akinross/PycharmProjects/ACIRotation/terraform-provider-aci/internal/provider/resource_aci_rest_managed.go:386.30,390.6 3 1
/Users/akinross/PycharmProjects/ACIRotation/terraform-provider-aci/internal/provider/resource_aci_rest_managed.go:390.11,390.45 1 1
/Users/akinross/PycharmProjects/ACIRotation/terraform-provider-aci/internal/provider/resource_aci_rest_managed.go:390.45,392.6 1 1
/Users/akinross/PycharmProjects/ACIRotation/terraform-provider-aci/internal/provider/resource_aci_rest_managed.go:392.11,392.58 1 1
/Users/akinross/PycharmProjects/ACIRotation/terraform-provider-aci/internal/provider/resource_aci_rest_managed.go:392.58,394.6 1 1
/Users/akinross/PycharmProjects/ACIRotation/terraform-provider-aci/internal/provider/resource_aci_rest_managed.go:396.4,399.10 4 1
/Users/akinross/PycharmProjects/ACIRotation/terraform-provider-aci/internal/provider/resource_aci_rest_managed.go:399.10,401.36 2 1
/Users/akinross/PycharmProjects/ACIRotation/terraform-provider-aci/internal/provider/resource_aci_rest_managed.go:401.36,402.84 1 1
/Users/akinross/PycharmProjects/ACIRotation/terraform-provider-aci/internal/provider/resource_aci_rest_managed.go:402.84,403.55 1 1
/Users/akinross/PycharmProjects/ACIRotation/terraform-provider-aci/internal/provider/resource_aci_rest_managed.go:403.55,410.77 6 1
/Users/akinross/PycharmProjects/ACIRotation/terraform-provider-aci/internal/provider/resource_aci_rest_managed.go:410.77,411.39 1 1
/Users/akinross/PycharmProjects/ACIRotation/terraform-provider-aci/internal/provider/resource_aci_rest_managed.go:411.39,414.15 3 1
/Users/akinross/PycharmProjects/ACIRotation/terraform-provider-aci/internal/provider/resource_aci_rest_managed.go:417.8,417.77 1 1
/Users/akinross/PycharmProjects/ACIRotation/terraform-provider-aci/internal/provider/resource_aci_rest_managed.go:417.77,418.99 1 1
/Users/akinross/PycharmProjects/ACIRotation/terraform-provider-aci/internal/provider/resource_aci_rest_managed.go:418.99,420.10 1 1
/Users/akinross/PycharmProjects/ACIRotation/terraform-provider-aci/internal/provider/resource_aci_rest_managed.go:422.8,423.102 2 1
/Users/akinross/PycharmProjects/ACIRotation/terraform-provider-aci/internal/provider/resource_aci_rest_managed.go:428.4,428.48 1 1
/Users/akinross/PycharmProjects/ACIRotation/terraform-provider-aci/internal/provider/resource_aci_rest_managed.go:428.48,431.5 2 1
/Users/akinross/PycharmProjects/ACIRotation/terraform-provider-aci/internal/provider/resource_aci_rest_managed.go:432.9,437.4 1 0
/Users/akinross/PycharmProjects/ACIRotation/terraform-provider-aci/internal/provider/resource_aci_rest_managed.go:438.8,440.3 1 0
/Users/akinross/PycharmProjects/ACIRotation/terraform-provider-aci/internal/provider/resource_aci_rest_managed.go:441.2,441.12 1 1
/Users/akinross/PycharmProjects/ACIRotation/terraform-provider-aci/internal/provider/resource_aci_rest_managed.go:444.69,448.71 2 1
/Users/akinross/PycharmProjects/ACIRotation/terraform-provider-aci/internal/provider/resource_aci_rest_managed.go:448.71,451.3 1 1
/Users/akinross/PycharmProjects/ACIRotation/terraform-provider-aci/internal/provider/resource_aci_rest_managed.go:451.8,451.68 1 1
/Users/akinross/PycharmProjects/ACIRotation/terraform-provider-aci/internal/provider/resource_aci_rest_managed.go:451.68,453.3 1 1
/Users/akinross/PycharmProjects/ACIRotation/terraform-provider-aci/internal/provider/resource_aci_rest_managed.go:456.190,458.29 2 1
/Users/akinross/PycharmProjects/ACIRotation/terraform-provider-aci/internal/provider/resource_aci_rest_managed.go:458.29,460.35 2 1
/Users/akinross/PycharmProjects/ACIRotation/terraform-provider-aci/internal/provider/resource_aci_rest_managed.go:460.35,462.29 2 1
/Users/akinross/PycharmProjects/ACIRotation/terraform-provider-aci/internal/provider/resource_aci_rest_managed.go:462.29,464.5 1 1
/Users/akinross/PycharmProjects/ACIRotation/terraform-provider-aci/internal/provider/resource_aci_rest_managed.go:465.4,465.61 1 1
/Users/akinross/PycharmProjects/ACIRotation/terraform-provider-aci/internal/provider/resource_aci_rest_managed.go:465.61,466.48 1 1
/Users/akinross/PycharmProjects/ACIRotation/terraform-provider-aci/internal/provider/resource_aci_rest_managed.go:466.48,468.6 1 1
/Users/akinross/PycharmProjects/ACIRotation/terraform-provider-aci/internal/provider/resource_aci_rest_managed.go:470.4,474.64 5 1
/Users/akinross/PycharmProjects/ACIRotation/terraform-provider-aci/internal/provider/resource_aci_rest_managed.go:476.3,476.36 1 1
/Users/akinross/PycharmProjects/ACIRotation/terraform-provider-aci/internal/provider/resource_aci_rest_managed.go:476.36,478.53 2 1
/Users/akinross/PycharmProjects/ACIRotation/terraform-provider-aci/internal/provider/resource_aci_rest_managed.go:478.53,479.87 1 1
/Users/akinross/PycharmProjects/ACIRotation/terraform-provider-aci/internal/provider/resource_aci_rest_managed.go:479.87,481.11 2 1
/Users/akinross/PycharmProjects/ACIRotation/terraform-provider-aci/internal/provider/resource_aci_rest_managed.go:484.4,484.14 1 1
/Users/akinross/PycharmProjects/ACIRotation/terraform-provider-aci/internal/provider/resource_aci_rest_managed.go:484.14,491.5 4 1
/Users/akinross/PycharmProjects/ACIRotation/terraform-provider-aci/internal/provider/resource_aci_rest_managed.go:493.8,495.3 1 0
/Users/akinross/PycharmProjects/ACIRotation/terraform-provider-aci/internal/provider/resource_aci_rest_managed.go:497.2,497.22 1 1
/Users/akinross/PycharmProjects/ACIRotation/terraform-provider-aci/internal/provider/resource_aci_rest_managed.go:500.201,505.22 4 1
/Users/akinross/PycharmProjects/ACIRotation/terraform-provider-aci/internal/provider/resource_aci_rest_managed.go:505.22,507.3 1 0
/Users/akinross/PycharmProjects/ACIRotation/terraform-provider-aci/internal/provider/resource_aci_rest_managed.go:509.2,511.63 2 1
/Users/akinross/PycharmProjects/ACIRotation/terraform-provider-aci/internal/provider/resource_aci_rest_managed.go:511.63,513.3 1 1
/Users/akinross/PycharmProjects/ACIRotation/terraform-provider-aci/internal/provider/resource_aci_rest_managed.go:514.2,514.57 1 1
/Users/akinross/PycharmProjects/ACIRotation/terraform-provider-aci/internal/provider/resource_aci_rest_managed.go:514.57,515.45 1 1
/Users/akinross/PycharmProjects/ACIRotation/terraform-provider-aci/internal/provider/resource_aci_rest_managed.go:515.45,517.4 1 1
/Users/akinross/PycharmProjects/ACIRotation/terraform-provider-aci/internal/provider/resource_aci_rest_managed.go:520.2,522.16 2 1
/Users/akinross/PycharmProjects/ACIRotation/terraform-provider-aci/internal/provider/resource_aci_rest_managed.go:522.16,528.3 2 0
/Users/akinross/PycharmProjects/ACIRotation/terraform-provider-aci/internal/provider/resource_aci_rest_managed.go:530.2,532.16 2 1
/Users/akinross/PycharmProjects/ACIRotation/terraform-provider-aci/internal/provider/resource_aci_rest_managed.go:532.16,538.3 2 0
/Users/akinross/PycharmProjects/ACIRotation/terraform-provider-aci/internal/provider/resource_aci_rest_managed.go:539.2,539.20 1 1
/Users/akinross/PycharmProjects/ACIRotation/terraform-provider-aci/internal/provider/resource_aci_rest_managed.go:542.143,546.16 3 1
/Users/akinross/PycharmProjects/ACIRotation/terraform-provider-aci/internal/provider/resource_aci_rest_managed.go:546.16,552.3 2 0
/Users/akinross/PycharmProjects/ACIRotation/terraform-provider-aci/internal/provider/resource_aci_rest_managed.go:553.2,553.20 1 1
/Users/akinross/PycharmProjects/ACIRotation/terraform-provider-aci/internal/provider/resource_aci_rest_managed.go:556.171,559.16 2 1
/Users/akinross/PycharmProjects/ACIRotation/terraform-provider-aci/internal/provider/resource_aci_rest_managed.go:559.16,565.3 2 0
/Users/akinross/PycharmProjects/ACIRotation/terraform-provider-aci/internal/provider/resource_aci_rest_managed.go:567.2,570.81 2 1
/Users/akinross/PycharmProjects/ACIRotation/terraform-provider-aci/internal/provider/resource_aci_rest_managed.go:570.81,572.21 2 1
/Users/akinross/PycharmProjects/ACIRotation/terraform-provider-aci/internal/provider/resource_aci_rest_managed.go:572.21,574.66 2 1
/Users/akinross/PycharmProjects/ACIRotation/terraform-provider-aci/internal/provider/resource_aci_rest_managed.go:574.66,577.5 2 1
/Users/akinross/PycharmProjects/ACIRotation/terraform-provider-aci/internal/provider/resource_aci_rest_managed.go:581.2,581.81 1 1
/Users/akinross/PycharmProjects/ACIRotation/terraform-provider-aci/internal/provider/resource_aci_rest_managed.go:581.81,587.3 2 0
/Users/akinross/PycharmProjects/ACIRotation/terraform-provider-aci/internal/provider/resource_aci_rest_managed.go:587.8,587.23 1 1
/Users/akinross/PycharmProjects/ACIRotation/terraform-provider-aci/internal/provider/resource_aci_rest_managed.go:587.23,593.3 2 0
/Users/akinross/PycharmProjects/ACIRotation/terraform-provider-aci/internal/provider/resource_aci_rest_managed.go:595.2,595.13 1 1
/Users/akinross/PycharmProjects/ACIRotation/terraform-provider-aci/internal/provider/resource_aci_rest_managed.go:598.48,599.22 1 1
/Users/akinross/PycharmProjects/ACIRotation/terraform-provider-aci/internal/provider/resource_aci_rest_managed.go:599.22,600.13 1 1
/Users/akinross/PycharmProjects/ACIRotation/terraform-provider-aci/internal/provider/resource_aci_rest_managed.go:600.13,602.4 1 1
/Users/akinross/PycharmProjects/ACIRotation/terraform-provider-aci/internal/provider/resource_aci_rest_managed.go:604.2,604.14 1 1
